0200001440288 // K, N
020040000381B // NM, NO_PACKING, PSIZE
0200800109818 // MAX_SCHEDULE, NO_FINAL_PARITY_CHECK, NORM_TYPE, NMQC, NLAYERS
0200C00000000 // QC_OFF, LA_OFF, SC_OFF
100000000CCCC // SC_TABLE
100040000CCCC // 
100080000CCCC // 
1000C0000CCCC // 
100100000CCCC // 
100140000CCCC // 
1800000000002 // LA_TABLE
1800400000002 // 
1800800000003 // 
1800C00000002 // 
1801000000002 // 
1801400000002 // 
1801800000003 // 
1801C00000002 // 
1802000000002 // 
1802400000002 // 
1802800000003 // 
1802C00000002 // 
1803000000C03 // 
1803400000D02 // 
1803800000C02 // 
1803C00000C02 // 
1804000000C02 // 
1804400000C02 // 
1804800000C02 // 
1804C00000C02 // 
1805000000C02 // 
1805400000C02 // 
1805800000C02 // 
1805C00000C02 // 
2000000020000 // QC_TABLE
2000400010000 // 
2000800010000 // 
2000C00010000 // 
2001000020004 // 
2001400010000 // 
2001800010000 // 
2001C00010000 // 
2002000020008 // 
2002400020005 // 
200280006800E // 
2002C0002000B // 
2003000001600 // 
2003400010000 // 
2003800010000 // 
2003C00010000 // 
2004000001104 // 
2004400010000 // 
2004800010000 // 
2004C00020007 // 
2005000000C08 // 
2005400020001 // 
2005800020006 // 
2005C0006800F // 
2006000000600 // 
2006400010000 // 
2006800010000 // 
2006C00010000 // 
2007000000A04 // 
2007400010000 // 
2007800010000 // 
2007C00010000 // 
2008000001808 // 
2008400010000 // 
2008800020002 // 
2008C00010000 // 
2009000068010 // 
2009400010000 // 
200980002000A // 
2009C00010000 // 
200A000000200 // 
200A400010000 // 
200A800010000 // 
200AC00010000 // 
200B000001404 // 
200B400020009 // 
200B800010000 // 
200BC00010000 // 
200C000001908 // 
200C400068011 // 
200C800010000 // 
200CC00020003 // 
200D000001700 // 
200D400010000 // 
200D800010000 // 
200DC00010000 // 
200E000000304 // 
200E400010000 // 
200E80000090A // 
200EC00010000 // 
200F000000008 // 
200F400010000 // 
200F800068012 // 
200FC00000B0B // 
2010000001800 // 
2010400010000 // 
2010800010000 // 
2010C00010000 // 
2011000001104 // 
2011400010000 // 
2011800001702 // 
2011C00000103 // 
2012000000A08 // 
2012400010000 // 
2012800000306 // 
2012C00068013 // 
2013000001900 // 
2013400010000 // 
2013800010000 // 
2013C00010000 // 
2014000000804 // 
2014400010000 // 
2014800010000 // 
2014C00010000 // 
2015000000708 // 
2015400010000 // 
2015800010000 // 
2015C00010000 // 
2016000068014 // 
2016400001209 // 
2016800010000 // 
2016C00010000 // 
2017000000D00 // 
2017400010000 // 
2017800010000 // 
2017C00010000 // 
2018000000004 // 
2018400001801 // 
2018800010000 // 
2018C00010000 // 
2019000000608 // 
2019400068015 // 
2019800000806 // 
2019C00010000 // 
201A000000700 // 
201A400010000 // 
201A800010000 // 
201AC00010000 // 
201B000001604 // 
201B400001401 // 
201B800010000 // 
201BC00010000 // 
201C000001708 // 
201C400000A05 // 
201C800068016 // 
201CC00001003 // 
201D000000B00 // 
201D400010000 // 
201D800010000 // 
201DC00010000 // 
201E000001304 // 
201E400010000 // 
201E800010000 // 
201EC0000110B // 
201F000000D08 // 
201F400010000 // 
201F80000030A // 
201FC00068017 // 
2020000001900 // 
2020400010000 // 
2020800010000 // 
2020C00010000 // 
2021000001704 // 
2021400010000 // 
2021800010000 // 
2021C00010000 // 
2022000000908 // 
2022400010000 // 
2022800010000 // 
2022C00010000 // 
2023000068018 // 
2023400001205 // 
2023800000802 // 
2023C00000E07 // 
2024000000300 // 
2024400010000 // 
2024800010000 // 
2024C00010000 // 
2025000001004 // 
2025400000509 // 
2025800010000 // 
2025C00010000 // 
2026000001908 // 
2026400068019 // 
2026800010000 // 
2026C00000207 // 
2027000040010 // 
2027400010000 // 
2027800010000 // 
2027C00010000 // 
2028000040014 // 
2028400040011 // 
202880004000E // 
2028C0004000F // 
2029000040018 // 
2029400040015 // 
2029800040012 // 
2029C00040013 // 
202A00006800C // 
202A400040019 // 
202A800040016 // 
202AC00040017 // 
202B000010000 // 
202B400010000 // 
202B800010000 // 
202BC00010000 // 
202C000010000 // 
202C400010000 // 
202C800010000 // 
202CC00010000 // 
202D00004010C // 
202D40006800D // 
202D80004000E // 
202DC00010000 // 
202E000010000 // 
202E400010000 // 
202E800010000 // 
202EC00010000 // 
202F000010000 // 
202F400010000 // 
202F800010000 // 
202FC00010000 // 
2030000010000 // 
203040004000D // 
203080004800E // 
2030C0004000F // 
2031000010000 // 
2031400010000 // 
2031800010000 // 
2031C00010000 // 
2032000010000 // 
2032400010000 // 
2032800010000 // 
2032C00010000 // 
2033000040010 // 
2033400010000 // 
203380004000E // 
2033C0004800F // 
2034000010000 // 
2034400010000 // 
2034800010000 // 
2034C00010000 // 
2035000010000 // 
2035400010000 // 
2035800010000 // 
2035C00010000 // 
2036000048010 // 
2036400040011 // 
2036800010000 // 
2036C0004000F // 
2037000010000 // 
2037400010000 // 
2037800010000 // 
2037C00010000 // 
2038000010000 // 
2038400010000 // 
2038800010000 // 
2038C00010000 // 
2039000040010 // 
2039400048011 // 
2039800040012 // 
2039C00010000 // 
203A000010000 // 
203A400010000 // 
203A800010000 // 
203AC00010000 // 
203B000010000 // 
203B400010000 // 
203B800010000 // 
203BC00010000 // 
203C000010000 // 
203C400040011 // 
203C800048012 // 
203CC00040013 // 
203D000010000 // 
203D400010000 // 
203D800010000 // 
203DC00010000 // 
203E00004000C // 
203E400010000 // 
203E800010000 // 
203EC00010000 // 
203F000040014 // 
203F400010000 // 
203F800040012 // 
203FC00048013 // 
2040000010000 // 
2040400010000 // 
2040800010000 // 
2040C00010000 // 
2041000010000 // 
2041400010000 // 
2041800010000 // 
2041C00010000 // 
2042000048014 // 
2042400040015 // 
2042800010000 // 
2042C00040013 // 
2043000010000 // 
2043400010000 // 
2043800010000 // 
2043C00010000 // 
2044000010000 // 
2044400010000 // 
2044800010000 // 
2044C00010000 // 
2045000040014 // 
2045400048015 // 
2045800040016 // 
2045C00010000 // 
2046000010000 // 
2046400010000 // 
2046800010000 // 
2046C00010000 // 
2047000010000 // 
2047400010000 // 
2047800010000 // 
2047C00010000 // 
2048000010000 // 
2048400040015 // 
2048800048016 // 
2048C00040017 // 
2049000010000 // 
2049400010000 // 
2049800010000 // 
2049C00010000 // 
204A000010000 // 
204A400010000 // 
204A800010000 // 
204AC00010000 // 
204B000040018 // 
204B400010000 // 
204B800040016 // 
204BC00048017 // 
0201002880510 // K, N
0201400006836 // NM, NO_PACKING, PSIZE
020180010B018 // MAX_SCHEDULE, NO_FINAL_PARITY_CHECK, NORM_TYPE, NMQC, NLAYERS
0201C004C0606 // QC_OFF, LA_OFF, SC_OFF
100180000CCCC // SC_TABLE
1001C0000CCCC // 
100200000CCCC // 
100240000CCCC // 
100280000CCCC // 
1002C0000CCCC // 
1806000000004 // LA_TABLE
1806400000003 // 
1806800000003 // 
1806C00000002 // 
1807000000003 // 
1807400000003 // 
1807800000002 // 
1807C00000004 // 
1808000000003 // 
1808400000004 // 
1808800000002 // 
1808C00000003 // 
1809000000A06 // 
1809400001102 // 
1809800000D02 // 
1809C00000D02 // 
180A000000D02 // 
180A400000D02 // 
180A800000D02 // 
180AC00000D02 // 
180B000000D02 // 
180B400000D02 // 
180B800000D02 // 
180BC00000D02 // 
204C000022800 // QC_TABLE
204C400010000 // 
204C800021604 // 
204CC00010000 // 
204D000023106 // 
204D400010000 // 
204D800022B08 // 
204DC00010000 // 
204E00006800E // 
204E400021707 // 
204E800003200 // 
204EC00010000 // 
204F000003004 // 
204F400020101 // 
204F800000D08 // 
204FC00022305 // 
2050000021E0A // 
205040006800F // 
2050800002700 // 
2050C00010000 // 
2051000000404 // 
2051400010000 // 
2051800000206 // 
2051C00003201 // 
2052000068010 // 
205240002310B // 
2052800002100 // 
2052C00022603 // 
2053000002504 // 
2053400000407 // 
2053800000108 // 
2053C00068011 // 
2054000002D00 // 
2054400010000 // 
2054800000004 // 
2054C00010000 // 
2055000001408 // 
2055400001605 // 
2055800068012 // 
2055C00022A09 // 
2056000003300 // 
2056400010000 // 
2056800002304 // 
2056C00010000 // 
2057000002C08 // 
2057400003003 // 
205780000120A // 
2057C00068013 // 
2058000002F00 // 
2058400010000 // 
2058800003308 // 
2058C00000B01 // 
2059000068014 // 
2059400001105 // 
2059800000500 // 
2059C00010000 // 
205A000021902 // 
205A400010000 // 
205A800000604 // 
205AC00010000 // 
205B000002D06 // 
205B400002809 // 
205B800000D08 // 
205BC00068015 // 
205C000002100 // 
205C400010000 // 
205C800001804 // 
205CC00010000 // 
205D000001708 // 
205D400002203 // 
205D800068016 // 
205DC00002E0B // 
205E000000100 // 
205E400010000 // 
205E800001B02 // 
205EC00010000 // 
205F000000104 // 
205F400010000 // 
205F800002608 // 
205FC00010000 // 
2060000002C0A // 
2060400068017 // 
2060800001704 // 
2060C00001201 // 
2061000000008 // 
2061400000807 // 
2061800068018 // 
2061C00002309 // 
2062000003100 // 
2062400010000 // 
2062800001102 // 
2062C00010000 // 
2063000001E04 // 
206340000130B // 
2063800002208 // 
2063C00068019 // 
206400004000E // 
2064400010000 // 
2064800040010 // 
2064C0004000F // 
2065000040012 // 
2065400040011 // 
2065800040014 // 
2065C00040013 // 
2066000040016 // 
2066400040015 // 
2066800040018 // 
2066C00040017 // 
206700006800C // 
2067400040019 // 
2067800010000 // 
2067C00010000 // 
206800004010C // 
2068400010000 // 
206880004000E // 
2068C0006800D // 
2069000010000 // 
2069400010000 // 
2069800010000 // 
2069C0004000D // 
206A00004800E // 
206A40004000F // 
206A800010000 // 
206AC00010000 // 
206B00004000E // 
206B400010000 // 
206B800040010 // 
206BC0004800F // 
206C000010000 // 
206C400010000 // 
206C800010000 // 
206CC0004000F // 
206D000048010 // 
206D400040011 // 
206D800010000 // 
206DC00010000 // 
206E000040010 // 
206E400010000 // 
206E800040012 // 
206EC00048011 // 
206F000010000 // 
206F400010000 // 
206F800010000 // 
206FC00040011 // 
2070000048012 // 
2070400040013 // 
207080004000C // 
2070C00010000 // 
2071000040012 // 
2071400010000 // 
2071800040014 // 
2071C00048013 // 
2072000010000 // 
2072400010000 // 
2072800010000 // 
2072C00040013 // 
2073000048014 // 
2073400040015 // 
2073800010000 // 
2073C00010000 // 
2074000040014 // 
2074400010000 // 
2074800040016 // 
2074C00048015 // 
2075000010000 // 
2075400010000 // 
2075800010000 // 
2075C00040015 // 
2076000048016 // 
2076400040017 // 
2076800010000 // 
2076C00010000 // 
2077000040016 // 
2077400010000 // 
2077800040018 // 
2077C00048017 // 
0202003CC0798 // K, N
020240000D051 // NM, NO_PACKING, PSIZE
020280010F018 // MAX_SCHEDULE, NO_FINAL_PARITY_CHECK, NORM_TYPE, NMQC, NLAYERS
0202C00780C0C // QC_OFF, LA_OFF, SC_OFF
100300000CCCC // SC_TABLE
100340000CCCC // 
100380000CCCC // 
1003C0000CCCC // 
100400000CCCC // 
100440000CCCC // 
180C000000005 // LA_TABLE
180C400000005 // 
180C800000005 // 
180CC00000005 // 
180D000000005 // 
180D400000005 // 
180D800000005 // 
180DC00000005 // 
180E000000005 // 
180E400000005 // 
180E800000005 // 
180EC00000006 // 
180F00000070C // 
180F400001802 // 
180F800000E02 // 
180FC00000E02 // 
1810000000E02 // 
1810400000E02 // 
1810800000E02 // 
1810C00000D03 // 
1811000000F02 // 
1811400000E02 // 
1811800000E02 // 
1811C00000E02 // 
2078000023900 // QC_TABLE
2078400023204 // 
2078800020B06 // 
2078C00023208 // 
2079000024F0A // 
207940006000E // 
2079800000300 // 
2079C00021C02 // 
207A000000004 // 
207A400003708 // 
207A800020709 // 
207AC0006000F // 
207B000001E00 // 
207B400001804 // 
207B800022505 // 
207BC00003808 // 
207C000000E09 // 
207C400060010 // 
207C800003E00 // 
207CC00023501 // 
207D000003504 // 
207D400020307 // 
207D800002308 // 
207DC00060011 // 
207E000002800 // 
207E400021403 // 
207E800004204 // 
207EC00001607 // 
207F000001C08 // 
207F400060012 // 
207F800000000 // 
207FC00000804 // 
2080000002A06 // 
2080400003208 // 
208080002080B // 
2080C00060013 // 
2081000004500 // 
2081400004F01 // 
2081800004F02 // 
2081C00003806 // 
2082000003408 // 
2082400060014 // 
2082800004100 // 
2082C00002604 // 
2083000003905 // 
2083400004808 // 
2083800001B0A // 
2083C00060015 // 
2084000004000 // 
2084400000E04 // 
2084800003405 // 
2084C00001E08 // 
208500000200B // 
2085400060016 // 
2085800002D01 // 
2085C00004603 // 
2086000000004 // 
2086400004D08 // 
2086800000909 // 
2086C00060017 // 
2087000000200 // 
2087400003801 // 
2087800003903 // 
2087C00002304 // 
2088000000C0A // 
2088400060018 // 
2088800001800 // 
2088C00003D02 // 
2089000003C04 // 
2089400001B07 // 
2089800003308 // 
2089C0000100B // 
208A000060019 // 
208A40004000E // 
208A80004000F // 
208AC00040010 // 
208B000040011 // 
208B400040012 // 
208B800040013 // 
208BC00040014 // 
208C000040015 // 
208C400040016 // 
208C800040017 // 
208CC00040018 // 
208D000040019 // 
208D40006000C // 
208D80004010C // 
208DC0004000E // 
208E00006000D // 
208E40004000D // 
208E80004000F // 
208EC0004000E // 
208F00004000E // 
208F400040010 // 
208F80004000F // 
208FC0004000F // 
2090000040011 // 
2090400040010 // 
2090800040010 // 
2090C00040012 // 
2091000040011 // 
2091400040011 // 
2091800040013 // 
2091C00040012 // 
209200004000C // 
2092400040012 // 
2092800040014 // 
2092C00040013 // 
2093000040013 // 
2093400040015 // 
2093800040014 // 
2093C00040014 // 
2094000040016 // 
2094400040015 // 
2094800040015 // 
2094C00040017 // 
2095000040016 // 
2095400040016 // 
2095800040018 // 
2095C00040017 // 
0203001B00288 // K, N
020340000381B // NM, NO_PACKING, PSIZE
0203800107010 // MAX_SCHEDULE, NO_FINAL_PARITY_CHECK, NORM_TYPE, NMQC, NLAYERS
0203C00961212 // QC_OFF, LA_OFF, SC_OFF
100480000CCCC // SC_TABLE
1004C0000CCCC // 
100500000CCCC // 
100540000CCCC // 
1812000000002 // LA_TABLE
1812400000002 // 
1812800000003 // 
1812C00000003 // 
1813000000003 // 
1813400000003 // 
1813800000003 // 
1813C00000003 // 
1814000000D02 // 
1814400000C02 // 
1814800000C02 // 
1814C00000C02 // 
1815000000C02 // 
1815400000C02 // 
1815800000C02 // 
1815C00000C02 // 
2096000021900 // QC_TABLE
2096400010000 // 
2096800020E02 // 
2096C00010000 // 
2097000021404 // 
2097400021A01 // 
2097800020206 // 
2097C0002080B // 
2098000020408 // 
209840002100D // 
2098800068012 // 
2098C0002120F // 
2099000010000 // 
2099400010000 // 
2099800000F02 // 
2099C00020B03 // 
209A000000A00 // 
209A400000901 // 
209A80002120A // 
209AC00020107 // 
209B00002080C // 
209B400020005 // 
209B800020A0E // 
209BC00068013 // 
209C000001000 // 
209C400010000 // 
209C800010000 // 
209CC00010000 // 
209D000001504 // 
209D400010000 // 
209D800010000 // 
209DC00010000 // 
209E000000108 // 
209E400000201 // 
209E800001402 // 
209EC00001A03 // 
209F000068014 // 
209F400021A09 // 
209F800000606 // 
209FC0000070B // 
20A0000010000 // 
20A0400000D01 // 
20A0800010000 // 
20A0C00010000 // 
20A1000010000 // 
20A1400000305 // 
20A1800010000 // 
20A1C00000003 // 
20A2000010000 // 
20A2400000D0D // 
20A2800000502 // 
20A2C00000707 // 
20A3000000A00 // 
20A3400068015 // 
20A3800001A0A // 
20A3C0000100F // 
20A4000001700 // 
20A4400010000 // 
20A4800001802 // 
20A4C00010000 // 
20A5000000C04 // 
20A5400010000 // 
20A5800001306 // 
20A5C00010000 // 
20A6000001108 // 
20A6400010000 // 
20A680000150E // 
20A6C00010000 // 
20A700000140C // 
20A7400000E01 // 
20A7800068016 // 
20A7C00010000 // 
20A8000010000 // 
20A8400001601 // 
20A8800010000 // 
20A8C00001403 // 
20A9000010000 // 
20A9400001905 // 
20A9800010000 // 
20A9C00001107 // 
20AA000010000 // 
20AA400000809 // 
20AA800010000 // 
20AAC00000E0B // 
20AB000000600 // 
20AB40000120D // 
20AB800000902 // 
20ABC00068017 // 
20AC000000E00 // 
20AC400010000 // 
20AC800010000 // 
20ACC00010000 // 
20AD000001404 // 
20AD400010000 // 
20AD800001502 // 
20ADC00010000 // 
20AE000001208 // 
20AE400010000 // 
20AE800001806 // 
20AEC00000B03 // 
20AF000068018 // 
20AF400001701 // 
20AF80000130A // 
20AFC0000160F // 
20B0000010000 // 
20B0400000B01 // 
20B0800010000 // 
20B0C00010000 // 
20B1000010000 // 
20B1400001505 // 
20B1800010000 // 
20B1C00010000 // 
20B2000001100 // 
20B2400000309 // 
20B2800000B02 // 
20B2C00001403 // 
20B300000120C // 
20B3400068019 // 
20B3800001A0E // 
20B3C00001A07 // 
20B4000040014 // 
20B4400010000 // 
20B4800010000 // 
20B4C00010000 // 
20B5000040018 // 
20B5400040015 // 
20B5800040012 // 
20B5C00040013 // 
20B6000068010 // 
20B6400040019 // 
20B6800040016 // 
20B6C00040017 // 
20B7000010000 // 
20B7400010000 // 
20B7800010000 // 
20B7C00010000 // 
20B8000010000 // 
20B8400010000 // 
20B8800010000 // 
20B8C00010000 // 
20B9000040110 // 
20B9400068011 // 
20B9800040012 // 
20B9C00010000 // 
20BA000010000 // 
20BA400010000 // 
20BA800010000 // 
20BAC00010000 // 
20BB000010000 // 
20BB400010000 // 
20BB800010000 // 
20BBC00010000 // 
20BC000010000 // 
20BC400040011 // 
20BC800048012 // 
20BCC00040013 // 
20BD000010000 // 
20BD400010000 // 
20BD800010000 // 
20BDC00010000 // 
20BE000010000 // 
20BE400010000 // 
20BE800010000 // 
20BEC00010000 // 
20BF000040014 // 
20BF400010000 // 
20BF800040012 // 
20BFC00048013 // 
20C0000010000 // 
20C0400010000 // 
20C0800010000 // 
20C0C00010000 // 
20C1000010000 // 
20C1400010000 // 
20C1800010000 // 
20C1C00010000 // 
20C2000048014 // 
20C2400040015 // 
20C2800010000 // 
20C2C00040013 // 
20C3000010000 // 
20C3400010000 // 
20C3800010000 // 
20C3C00010000 // 
20C4000040010 // 
20C4400010000 // 
20C4800010000 // 
20C4C00010000 // 
20C5000040014 // 
20C5400048015 // 
20C5800040016 // 
20C5C00010000 // 
20C6000010000 // 
20C6400010000 // 
20C6800010000 // 
20C6C00010000 // 
20C7000010000 // 
20C7400010000 // 
20C7800010000 // 
20C7C00010000 // 
20C8000010000 // 
20C8400040015 // 
20C8800048016 // 
20C8C00040017 // 
20C9000010000 // 
20C9400010000 // 
20C9800010000 // 
20C9C00010000 // 
20CA000010000 // 
20CA400010000 // 
20CA800010000 // 
20CAC00010000 // 
20CB000040018 // 
20CB400010000 // 
20CB800040016 // 
20CBC00048017 // 
0204003600510 // K, N
0204400006836 // NM, NO_PACKING, PSIZE
0204800109010 // MAX_SCHEDULE, NO_FINAL_PARITY_CHECK, NORM_TYPE, NMQC, NLAYERS
0204C00CC1616 // QC_OFF, LA_OFF, SC_OFF
100580000CCCC // SC_TABLE
1005C0000CCCC // 
100600000CCCC // 
100640000CCCC // 
1816000000004 // LA_TABLE
1816400000006 // 
1816800000006 // 
1816C00000004 // 
1817000000004 // 
1817400000005 // 
1817800000004 // 
1817C00000005 // 
1818000000E04 // 
1818400000F02 // 
1818800000D02 // 
1818C00000D02 // 
1819000000D02 // 
1819400000D02 // 
1819800000D02 // 
1819C00000D02 // 
20CC000022700 // QC_TABLE
20CC400021F01 // 
20CC800021602 // 
20CCC00022B03 // 
20CD000020406 // 
20CD400022805 // 
20CD800020B08 // 
20CDC0002320B // 
20CE000068012 // 
20CE40002060F // 
20CE800001900 // 
20CEC00010000 // 
20CF000002902 // 
20CF400010000 // 
20CF800020604 // 
20CFC00010000 // 
20D0000000E06 // 
20D0400010000 // 
20D0800002208 // 
20D0C00003401 // 
20D100002180C // 
20D1400000203 // 
20D180002250E // 
20D1C00068013 // 
20D2000002B00 // 
20D2400010000 // 
20D2800001D02 // 
20D2C00010000 // 
20D3000001504 // 
20D3400010000 // 
20D3800001C06 // 
20D3C00010000 // 
20D400000070C // 
20D4400001F01 // 
20D480000110E // 
20D4C00000003 // 
20D5000068014 // 
20D5400020209 // 
20D5800001400 // 
20D5C00002101 // 
20D6000003002 // 
20D6400000D05 // 
20D6800000404 // 
20D6C00021A07 // 
20D700002160A // 
20D7400022E0D // 
20D7800002A0E // 
20D7C00068015 // 
20D8000002D00 // 
20D8400010000 // 
20D8800001202 // 
20D8C00000701 // 
20D9000000C04 // 
20D9400003303 // 
20D980000050C // 
20D9C00001905 // 
20DA000068016 // 
20DA400003209 // 
20DA800010000 // 
20DAC00002801 // 
20DB000010000 // 
20DB400001003 // 
20DB800002300 // 
20DBC00001207 // 
20DC000002002 // 
20DC40000330B // 
20DC800000504 // 
20DCC0000200D // 
20DD000002B0A // 
20DD400068017 // 
20DD800000900 // 
20DDC00001801 // 
20DE000000D02 // 
20DE400001603 // 
20DE800001C04 // 
20DEC00002507 // 
20DF00000190A // 
20DF40000340D // 
20DF800068018 // 
20DFC00000D0F // 
20E0000010000 // 
20E0400001601 // 
20E0800010000 // 
20E0C00001503 // 
20E1000002000 // 
20E1400001C09 // 
20E1800000402 // 
20E1C0000260B // 
20E2000001004 // 
20E240000080F // 
20E2800001B08 // 
20E2C00068019 // 
20E3000040012 // 
20E3400010000 // 
20E3800040014 // 
20E3C00040013 // 
20E4000040016 // 
20E4400040015 // 
20E4800040018 // 
20E4C00040017 // 
20E5000068010 // 
20E5400040019 // 
20E5800010000 // 
20E5C00010000 // 
20E6000040110 // 
20E6400010000 // 
20E6800040012 // 
20E6C00068011 // 
20E7000010000 // 
20E7400010000 // 
20E7800010000 // 
20E7C00040011 // 
20E8000048012 // 
20E8400040013 // 
20E8800010000 // 
20E8C00010000 // 
20E9000040012 // 
20E9400010000 // 
20E9800040014 // 
20E9C00048013 // 
20EA000010000 // 
20EA400010000 // 
20EA800010000 // 
20EAC00040013 // 
20EB000048014 // 
20EB400040015 // 
20EB800040010 // 
20EBC00010000 // 
20EC000040014 // 
20EC400010000 // 
20EC800040016 // 
20ECC00048015 // 
20ED000010000 // 
20ED400010000 // 
20ED800010000 // 
20EDC00040015 // 
20EE000048016 // 
20EE400040017 // 
20EE800010000 // 
20EEC00010000 // 
20EF000040016 // 
20EF400010000 // 
20EF800040018 // 
20EFC00048017 // 
0205005100798 // K, N
020540000D051 // NM, NO_PACKING, PSIZE
020580010E010 // MAX_SCHEDULE, NO_FINAL_PARITY_CHECK, NORM_TYPE, NMQC, NLAYERS
0205C00F01A1A // QC_OFF, LA_OFF, SC_OFF
100680000CCCC // SC_TABLE
1006C0000CCCC // 
100700000CCCC // 
100740000CCCC // 
181A000000009 // LA_TABLE
181A400000009 // 
181A800000009 // 
181AC00000009 // 
181B000000008 // 
181B400000009 // 
181B800000009 // 
181BC00000009 // 
181C000000E08 // 
181C400001402 // 
181C800000E02 // 
181CC00000E02 // 
181D000000E02 // 
181D400000D03 // 
181D800000F02 // 
181DC00000E02 // 
20F0000023D00 // QC_TABLE
20F0400024B01 // 
20F0800020402 // 
20F0C00023F03 // 
20F1000023804 // 
20F140002080B // 
20F180002020D // 
20F1C0002110E // 
20F200002190F // 
20F2400060012 // 
20F2800003800 // 
20F2C00004A01 // 
20F3000004D02 // 
20F3400001403 // 
20F3800024007 // 
20F3C00021808 // 
20F4000020409 // 
20F440002430A // 
20F480002070C // 
20F4C00060013 // 
20F5000001C00 // 
20F5400001501 // 
20F5800004402 // 
20F5C00000A03 // 
20F6000000704 // 
20F6400020E05 // 
20F6800024106 // 
20F6C0000170A // 
20F7000004B0E // 
20F7400060014 // 
20F7800003000 // 
20F7C00002601 // 
20F8000002B02 // 
20F8400004E03 // 
20F8800004C04 // 
20F8C00000509 // 
20F900000240A // 
20F9400000F0C // 
20F980000480D // 
20F9C00060015 // 
20FA000002800 // 
20FA400000201 // 
20FA800003502 // 
20FAC00001903 // 
20FB000003405 // 
20FB400003E06 // 
20FB800001408 // 
20FBC00002C0B // 
20FC000060016 // 
20FC400004500 // 
20FC800001701 // 
20FCC00004002 // 
20FD000000A03 // 
20FD400001604 // 
20FD800001506 // 
20FDC0000440C // 
20FE00000170D // 
20FE400001D0E // 
20FE800060017 // 
20FEC00000C00 // 
20FF000000001 // 
20FF400004402 // 
20FF800001403 // 
20FFC00003704 // 
2100000003D05 // 
2100400002807 // 
210080000340B // 
2100C00002C0F // 
2101000060018 // 
2101400003A00 // 
2101800000801 // 
2101C00002202 // 
2102000004003 // 
2102400004E04 // 
2102800000B07 // 
2102C00004E08 // 
2103000001809 // 
2103400003A0F // 
2103800060019 // 
2103C00040012 // 
2104000040013 // 
2104400040014 // 
2104800040015 // 
2104C00040016 // 
2105000040017 // 
2105400040018 // 
2105800040019 // 
2105C00060010 // 
2106000040110 // 
2106400040012 // 
2106800060011 // 
2106C00040011 // 
2107000040013 // 
2107400040012 // 
2107800040012 // 
2107C00040014 // 
2108000040013 // 
2108400040013 // 
2108800040015 // 
2108C00040014 // 
2109000040010 // 
2109400040014 // 
2109800040016 // 
2109C00040015 // 
210A000040015 // 
210A400040017 // 
210A800040016 // 
210AC00040016 // 
210B000040018 // 
210B400040017 // 
0206001E60288 // K, N
020640000381B // NM, NO_PACKING, PSIZE
020680010600C // MAX_SCHEDULE, NO_FINAL_PARITY_CHECK, NORM_TYPE, NMQC, NLAYERS
0206C010C1E1E // QC_OFF, LA_OFF, SC_OFF
100780000CCCC // SC_TABLE
1007C0000CCCC // 
100800000CCCC // 
181E000000005 // LA_TABLE
181E400000004 // 
181E800000004 // 
181EC00000003 // 
181F000000003 // 
181F400000005 // 
181F800000F02 // 
181FC00000C02 // 
1820000000C02 // 
1820400000C02 // 
1820800000C02 // 
1820C00000C02 // 
210C000021000 // QC_TABLE
210C400010000 // 
210C800010000 // 
210CC00010000 // 
210D000020904 // 
210D400010000 // 
210D800010000 // 
210DC00010000 // 
210E000020408 // 
210E400010000 // 
210E800021602 // 
210EC00010000 // 
210F000021A0C // 
210F400021101 // 
210F800020E06 // 
210FC00010000 // 
2110000021510 // 
2110400020305 // 
211080002070A // 
2110C00010000 // 
2111000068014 // 
2111400020209 // 
211180002020E // 
2111C00021803 // 
2112000010000 // 
2112400000C01 // 
2112800010000 // 
2112C00010000 // 
2113000010000 // 
2113400001A05 // 
2113800000C02 // 
2113C00010000 // 
2114000001900 // 
2114400000F09 // 
2114800000606 // 
2114C00010000 // 
2115000000304 // 
2115400021011 // 
211580000160A // 
2115C00000303 // 
2116000000F0C // 
2116400068015 // 
211680000040E // 
2116C00021507 // 
2117000001900 // 
2117400010000 // 
2117800001A02 // 
2117C00010000 // 
2118000001604 // 
2118400010000 // 
2118800000906 // 
2118C00010000 // 
2119000000008 // 
2119400010000 // 
211980000040A // 
2119C00010000 // 
211A00000040C // 
211A400001201 // 
211A80000080E // 
211AC00001003 // 
211B000000B10 // 
211B400001705 // 
211B800068016 // 
211BC0002170F // 
211C000000900 // 
211C400010000 // 
211C800010000 // 
211CC00000103 // 
211D000001104 // 
211D400010000 // 
211D800010000 // 
211DC00000707 // 
211E000000308 // 
211E400000701 // 
211E800000002 // 
211EC0002170B // 
211F000001510 // 
211F40002100D // 
211F80000030A // 
211FC00068017 // 
2120000001800 // 
2120400000501 // 
2120800010000 // 
2120C00000703 // 
2121000000104 // 
2121400000F09 // 
2121800010000 // 
2121C00000F07 // 
2122000001808 // 
2122400000D0D // 
2122800010000 // 
2122C0000080B // 
2123000068018 // 
2123400000B11 // 
2123800001A02 // 
2123C00000D0F // 
2124000010000 // 
2124400000201 // 
2124800010000 // 
2124C00010000 // 
2125000010000 // 
2125400000105 // 
2125800010000 // 
2125C00010000 // 
2126000010000 // 
2126400001509 // 
2126800010000 // 
2126C00000E03 // 
2127000010000 // 
212740000180D // 
2127800010000 // 
2127C00001307 // 
2128000000200 // 
2128400000211 // 
2128800001302 // 
2128C0000020B // 
2129000001804 // 
2129400068019 // 
2129800000F06 // 
2129C0000030F // 
212A000010000 // 
212A400010000 // 
212A800010000 // 
212AC00010000 // 
212B000040014 // 
212B400040015 // 
212B800040016 // 
212BC00010000 // 
212C000040018 // 
212C400040019 // 
212C800068012 // 
212CC00040017 // 
212D000010000 // 
212D400010000 // 
212D800010000 // 
212DC00010000 // 
212E000010000 // 
212E400010000 // 
212E800010000 // 
212EC00010000 // 
212F000040014 // 
212F400010000 // 
212F800040112 // 
212FC00068013 // 
2130000010000 // 
2130400010000 // 
2130800010000 // 
2130C00010000 // 
2131000010000 // 
2131400010000 // 
2131800010000 // 
2131C00010000 // 
2132000048014 // 
2132400040015 // 
2132800010000 // 
2132C00040013 // 
2133000010000 // 
2133400010000 // 
2133800010000 // 
2133C00010000 // 
2134000010000 // 
2134400010000 // 
2134800010000 // 
2134C00010000 // 
2135000040014 // 
2135400048015 // 
2135800040016 // 
2135C00010000 // 
2136000010000 // 
2136400010000 // 
2136800010000 // 
2136C00010000 // 
2137000010000 // 
2137400010000 // 
2137800040012 // 
2137C00010000 // 
2138000010000 // 
2138400040015 // 
2138800048016 // 
2138C00040017 // 
2139000010000 // 
2139400010000 // 
2139800010000 // 
2139C00010000 // 
213A000010000 // 
213A400010000 // 
213A800010000 // 
213AC00010000 // 
213B000040018 // 
213B400010000 // 
213B800040016 // 
213BC00048017 // 
0207003CC0510 // K, N
0207400006836 // NM, NO_PACKING, PSIZE
020780010980C // MAX_SCHEDULE, NO_FINAL_PARITY_CHECK, NORM_TYPE, NMQC, NLAYERS
0207C013C2121 // QC_OFF, LA_OFF, SC_OFF
100840000CCCC // SC_TABLE
100880000CCCC // 
1008C0000CCCC // 
1821000000008 // LA_TABLE
1821400000008 // 
1821800000008 // 
1821C00000008 // 
1822000000008 // 
1822400000008 // 
1822800001103 // 
1822C00000E02 // 
1823000000D02 // 
1823400000D02 // 
1823800000D02 // 
1823C00000D02 // 
213C000010000 // QC_TABLE
213C400022801 // 
213C800010000 // 
213CC00022903 // 
213D000010000 // 
213D400021D05 // 
213D800010000 // 
213DC00022407 // 
213E000022700 // 
213E400020E09 // 
213E800023302 // 
213EC0002060B // 
213F000020304 // 
213F40002210D // 
213F800020806 // 
213FC00020B0F // 
2140000068014 // 
2140400020411 // 
2140800003000 // 
2140C00010000 // 
2141000002F02 // 
2141400010000 // 
2141800003004 // 
2141C00010000 // 
2142000003306 // 
2142400010000 // 
2142800022608 // 
2142C00010000 // 
2143000021C0A // 
2143400001501 // 
214380002220C // 
2143C00000903 // 
214400002320E // 
2144400002305 // 
2144800023210 // 
2144C00068015 // 
2145000010000 // 
2145400002701 // 
2145800010000 // 
2145C00002A03 // 
2146000010000 // 
2146400002705 // 
2146800010000 // 
2146C00001107 // 
2147000001E00 // 
2147400000609 // 
2147800001C02 // 
2147C0000120B // 
2148000003204 // 
214840000140D // 
2148800000506 // 
2148C00000F0F // 
2149000068016 // 
2149400002811 // 
2149800001D00 // 
2149C00010000 // 
214A000000102 // 
214A400010000 // 
214A800002404 // 
214AC00010000 // 
214B000002F06 // 
214B400010000 // 
214B800003108 // 
214BC00010000 // 
214C000002F0A // 
214C400000001 // 
214C80000030C // 
214CC00002B03 // 
214D00000230E // 
214D400001E05 // 
214D800002210 // 
214DC00068017 // 
214E000010000 // 
214E400002001 // 
214E800010000 // 
214EC00001703 // 
214F000010000 // 
214F400002C05 // 
214F800010000 // 
214FC00000707 // 
2150000000100 // 
2150400003009 // 
2150800000B02 // 
2150C0000040B // 
2151000000A04 // 
215140000090D // 
2151800000C06 // 
2151C0000110F // 
2152000068018 // 
2152400001011 // 
2152800000D00 // 
2152C00010000 // 
2153000000F02 // 
2153400010000 // 
2153800001704 // 
2153C00010000 // 
2154000002F06 // 
2154400010000 // 
2154800002B08 // 
2154C00010000 // 
2155000001D0A // 
2155400000701 // 
215580000340C // 
2155C00002F03 // 
215600000020E // 
2156400001005 // 
2156800003510 // 
2156C00068019 // 
2157000040014 // 
2157400010000 // 
2157800040016 // 
2157C00040015 // 
2158000040018 // 
2158400040017 // 
2158800068012 // 
2158C00040019 // 
2159000010000 // 
2159400010000 // 
2159800040112 // 
2159C00010000 // 
215A000040014 // 
215A400068013 // 
215A800010000 // 
215AC00010000 // 
215B000010000 // 
215B400040013 // 
215B800048014 // 
215BC00040015 // 
215C000010000 // 
215C400010000 // 
215C800040014 // 
215CC00010000 // 
215D000040016 // 
215D400048015 // 
215D800010000 // 
215DC00010000 // 
215E000040012 // 
215E400040015 // 
215E800048016 // 
215EC00040017 // 
215F000010000 // 
215F400010000 // 
215F800040016 // 
215FC00010000 // 
2160000040018 // 
2160400048017 // 
0208005B20798 // K, N
020840000D051 // NM, NO_PACKING, PSIZE
020880010D00C // MAX_SCHEDULE, NO_FINAL_PARITY_CHECK, NORM_TYPE, NMQC, NLAYERS
0208C01612424 // QC_OFF, LA_OFF, SC_OFF
100900000CCCC // SC_TABLE
100940000CCCC // 
100980000CCCC // 
182400000000C // LA_TABLE
182440000000C // 
182480000000C // 
1824C0000000C // 
182500000000C // 
182540000000C // 
1825800001306 // 
1825C00001202 // 
1826000000E02 // 
1826400000E02 // 
1826800000D03 // 
1826C00000F02 // 
2161000023000 // QC_TABLE
2161400021D01 // 
2161800021C02 // 
2161C00022703 // 
2162000020904 // 
2162400023D05 // 
2162800023F09 // 
2162C00022D0A // 
216300002500B // 
216340002250F // 
2163800022010 // 
2163C00021611 // 
2164000060014 // 
2164400000400 // 
2164800003101 // 
2164C00002A02 // 
2165000003003 // 
2165400000B04 // 
2165800001E05 // 
2165C00003109 // 
216600000110A // 
216640000290B // 
216680002250C // 
2166C00020F0D // 
216700000360F // 
2167400060015 // 
2167800002300 // 
2167C00004C01 // 
2168000004E02 // 
2168400003303 // 
2168800002504 // 
2168C00002305 // 
2169000021506 // 
2169400021108 // 
2169800004009 // 
2169C00003B0D // 
216A00002070E // 
216A400002011 // 
216A800060016 // 
216AC00000900 // 
216B000004101 // 
216B400002C02 // 
216B800000903 // 
216BC00003604 // 
216C000003805 // 
216C400004906 // 
216C800022207 // 
216CC00002A08 // 
216D00000230C // 
216D400002E10 // 
216D800002711 // 
216DC00060017 // 
216E000000300 // 
216E400003E01 // 
216E800000702 // 
216EC00005003 // 
216F000004404 // 
216F400001A05 // 
216F800005007 // 
216FC00003708 // 
217000000240A // 
2170400001A0C // 
217080000090E // 
2170C00004810 // 
2171000060018 // 
2171400001A00 // 
2171800004B01 // 
2171C00002102 // 
2172000001503 // 
2172400004504 // 
2172800003B05 // 
2172C00000306 // 
2173000002607 // 
217340000230B // 
2173800003E0D // 
2173C0000240E // 
2174000001A0F // 
2174400060019 // 
2174800040014 // 
2174C00040015 // 
2175000040016 // 
2175400040017 // 
2175800040018 // 
2175C00040019 // 
2176000060012 // 
2176400040112 // 
2176800040014 // 
2176C00060013 // 
2177000040013 // 
2177400040015 // 
2177800040014 // 
2177C00040014 // 
2178000040016 // 
2178400040015 // 
2178800040012 // 
2178C00040015 // 
2179000040017 // 
2179400040016 // 
2179800040016 // 
2179C00040018 // 
217A000040017 // 
02090021C0288 // K, N
020940000381B // NM, NO_PACKING, PSIZE
0209800104808 // MAX_SCHEDULE, NO_FINAL_PARITY_CHECK, NORM_TYPE, NMQC, NLAYERS
0209C017B2727 // QC_OFF, LA_OFF, SC_OFF
1009C0000CCCC // SC_TABLE
100A00000CCCC // 
1827000000005 // LA_TABLE
1827400000005 // 
1827800000004 // 
1827C00000005 // 
1828000000F02 // 
1828400000C02 // 
1828800000C02 // 
1828C00000C02 // 
217B000010000 // QC_TABLE
217B400010000 // 
217B800020802 // 
217BC00010000 // 
217C000021100 // 
217C400020D01 // 
217C800021206 // 
217CC00021503 // 
217D000020904 // 
217D400020305 // 
217D80002040A // 
217DC00020C07 // 
217E000020A08 // 
217E400020009 // 
217E80002050E // 
217EC00020F0B // 
217F00002130C // 
217F40002020D // 
217F800020D12 // 
217FC00020A0F // 
2180000021A10 // 
2180400021311 // 
2180800068016 // 
2180C00020D13 // 
2181000010000 // 
2181400010000 // 
2181800010000 // 
2181C00000E03 // 
2182000000300 // 
2182400000C01 // 
2182800000B02 // 
2182C00001207 // 
2183000000B04 // 
2183400001905 // 
2183800000506 // 
2183C00001A0B // 
2184000000008 // 
2184400000909 // 
218480000020A // 
2184C0000070F // 
2185000001A0C // 
2185400000A0D // 
218580000180E // 
2185C00000213 // 
2186000000E10 // 
2186400001411 // 
2186800000412 // 
2186C00068017 // 
2187000001600 // 
2187400001001 // 
2187800000402 // 
2187C00000303 // 
2188000000A04 // 
2188400001505 // 
2188800000C06 // 
2188C00000507 // 
2189000001508 // 
2189400000E09 // 
218980000130A // 
2189C0000050B // 
218A000000B10 // 
218A40000080D // 
218A80000050E // 
218AC0000120F // 
218B000068018 // 
218B400000511 // 
218B800000512 // 
218BC00000F13 // 
218C000010000 // 
218C400000701 // 
218C800010000 // 
218CC00010000 // 
218D000000700 // 
218D400001005 // 
218D800000E02 // 
218DC00000E03 // 
218E000000404 // 
218E400000A09 // 
218E800001006 // 
218EC00001807 // 
218F000001808 // 
218F40000060D // 
218F80000010A // 
218FC0000070B // 
2190000000F0C // 
2190400001211 // 
2190800000A0E // 
2190C00001A0F // 
2191000000810 // 
2191400068019 // 
2191800001512 // 
2191C00000E13 // 
2192000010000 // 
2192400010000 // 
2192800010000 // 
2192C00010000 // 
2193000040018 // 
2193400010000 // 
2193800010000 // 
2193C00010000 // 
2194000068014 // 
2194400040019 // 
2194800040016 // 
2194C00040017 // 
2195000010000 // 
2195400010000 // 
2195800010000 // 
2195C00010000 // 
2196000010000 // 
2196400010000 // 
2196800010000 // 
2196C00010000 // 
2197000040114 // 
2197400068015 // 
2197800040016 // 
2197C00010000 // 
2198000010000 // 
2198400010000 // 
2198800010000 // 
2198C00010000 // 
2199000010000 // 
2199400010000 // 
2199800010000 // 
2199C00010000 // 
219A000010000 // 
219A400040015 // 
219A800048016 // 
219AC00040017 // 
219B000010000 // 
219B400010000 // 
219B800010000 // 
219BC00010000 // 
219C000040014 // 
219C400010000 // 
219C800010000 // 
219CC00010000 // 
219D000040018 // 
219D400010000 // 
219D800040016 // 
219DC00048017 // 
020A004380510 // K, N
020A400006836 // NM, NO_PACKING, PSIZE
020A800107008 // MAX_SCHEDULE, NO_FINAL_PARITY_CHECK, NORM_TYPE, NMQC, NLAYERS
020AC019E2929 // QC_OFF, LA_OFF, SC_OFF
100A40000CCCC // SC_TABLE
100A80000CCCC // 
182900000000A // LA_TABLE
1829400000009 // 
1829800000009 // 
1829C0000000A // 
182A000001402 // 
182A400000D02 // 
182A800000D02 // 
182AC00000D02 // 
219E000023000 // QC_TABLE
219E400010000 // 
219E800022502 // 
219EC00010000 // 
219F000020204 // 
219F400021D01 // 
219F800020606 // 
219FC00023403 // 
21A0000023508 // 
21A0400021005 // 
21A080002220A // 
21A0C00020E07 // 
21A100002120C // 
21A1400021F09 // 
21A180002350E // 
21A1C0002050B // 
21A2000022D10 // 
21A2400022A0D // 
21A2800022E12 // 
21A2C00021F0F // 
21A3000068016 // 
21A3400023413 // 
21A3800001100 // 
21A3C00000401 // 
21A4000001E02 // 
21A4400000703 // 
21A4800002B04 // 
21A4C00000B05 // 
21A5000001806 // 
21A5400000607 // 
21A5800000E08 // 
21A5C00001509 // 
21A600000060A // 
21A640000270B // 
21A680000110C // 
21A6C0000280D // 
21A7000002F0E // 
21A740000070F // 
21A7800000F10 // 
21A7C00022911 // 
21A8000001312 // 
21A8400068017 // 
21A8800000700 // 
21A8C00000201 // 
21A9000003302 // 
21A9400001F03 // 
21A9800002E04 // 
21A9C00001705 // 
21AA000001006 // 
21AA400000B07 // 
21AA800003508 // 
21AAC00002809 // 
21AB000000A0A // 
21AB40000070B // 
21AB800002E0C // 
21ABC0000350D // 
21AC00000210E // 
21AC40000230F // 
21AC800002312 // 
21ACC00001911 // 
21AD000068018 // 
21AD400002613 // 
21AD800010000 // 
21ADC00003001 // 
21AE000010000 // 
21AE400000103 // 
21AE800001300 // 
21AEC00000705 // 
21AF000002902 // 
21AF400002F07 // 
21AF800000A04 // 
21AFC00001D09 // 
21B0000002406 // 
21B040000340B // 
21B0800000508 // 
21B0C00000A0D // 
21B100000340A // 
21B140000060F // 
21B1800001F0C // 
21B1C00000211 // 
21B2000001A0E // 
21B2400003313 // 
21B2800000310 // 
21B2C00068019 // 
21B3000040016 // 
21B3400010000 // 
21B3800040018 // 
21B3C00040017 // 
21B4000068014 // 
21B4400040019 // 
21B4800010000 // 
21B4C00010000 // 
21B5000040114 // 
21B5400010000 // 
21B5800040016 // 
21B5C00068015 // 
21B6000010000 // 
21B6400010000 // 
21B6800010000 // 
21B6C00040015 // 
21B7000048016 // 
21B7400040017 // 
21B7800040014 // 
21B7C00010000 // 
21B8000040016 // 
21B8400010000 // 
21B8800040018 // 
21B8C00048017 // 
020B006540798 // K, N
020B40000D051 // NM, NO_PACKING, PSIZE
020B80010B808 // MAX_SCHEDULE, NO_FINAL_PARITY_CHECK, NORM_TYPE, NMQC, NLAYERS
020BC01B92B2B // QC_OFF, LA_OFF, SC_OFF
100AC0000CCCC // SC_TABLE
100B00000CCCC // 
182B000000012 // LA_TABLE
182B400000012 // 
182B800000011 // 
182BC00000011 // 
182C000001B04 // 
182C400001002 // 
182C800000E02 // 
182CC00000D03 // 
21B9000020D00 // QC_TABLE
21B9400023001 // 
21B9800025002 // 
21B9C00024203 // 
21BA000020404 // 
21BA400024A05 // 
21BA800020706 // 
21BAC00021E07 // 
21BB000024C08 // 
21BB400023409 // 
21BB80002250A // 
21BBC00023C0B // 
21BC00002310D // 
21BC40002490E // 
21BC800021F0F // 
21BCC00024A10 // 
21BD000024911 // 
21BD400021712 // 
21BD800060016 // 
21BDC00004500 // 
21BE000003F01 // 
21BE400004A02 // 
21BE800003803 // 
21BEC00004004 // 
21BF000004D05 // 
21BF400003906 // 
21BF800004107 // 
21BFC00000608 // 
21C0000001009 // 
21C040000330A // 
21C080002400C // 
21C0C0000440E // 
21C100000090F // 
21C1400003010 // 
21C1800003E11 // 
21C1C00003612 // 
21C2000021B13 // 
21C2400060017 // 
21C2800003300 // 
21C2C00000F01 // 
21C3000000002 // 
21C3400005003 // 
21C3800001804 // 
21C3C00001905 // 
21C4000002A06 // 
21C4400003607 // 
21C4800002C08 // 
21C4C00004709 // 
21C500000470A // 
21C540000090B // 
21C580000430C // 
21C5C0000230D // 
21C6000003A0F // 
21C6400001D11 // 
21C6800003513 // 
21C6C00060018 // 
21C7000001000 // 
21C7400001D01 // 
21C7800002402 // 
21C7C00002903 // 
21C8000002C04 // 
21C8400003805 // 
21C8800003B06 // 
21C8C00002507 // 
21C9000003208 // 
21C9400001809 // 
21C980000410B // 
21C9C0000040C // 
21CA00000410D // 
21CA40000340E // 
21CA800000410 // 
21CAC00004912 // 
21CB000003413 // 
21CB400060019 // 
21CB800040016 // 
21CBC00040017 // 
21CC000040018 // 
21CC400040019 // 
21CC800060014 // 
21CCC00040114 // 
21CD000040016 // 
21CD400060015 // 
21CD800040015 // 
21CDC00040017 // 
21CE000040016 // 
21CE400040014 // 
21CE800040016 // 
21CEC00040018 // 
21CF000040017 // 
0001400000001 // FEC_CODE
0000C00000000 // AXIS_WIDTH
000100000003F // AXIS_ENABLE: Enable all channels 
