
*** Running vivado
    with args -log Encoder.vds -m64 -product Vivado -mode batch -messageDb vivado.pb -notrace -source Encoder.tcl


****** Vivado v2021.2 (64-bit)
  **** SW Build 3367213 on Tue Oct 19 02:47:39 MDT 2021
  **** IP Build 3369179 on Thu Oct 21 08:25:16 MDT 2021
    ** Copyright 1986-2021 Xilinx, Inc. All Rights Reserved.

source Encoder.tcl -notrace
create_project: Time (s): cpu = 00:00:05 ; elapsed = 00:00:07 . Memory (MB): peak = 3055.086 ; gain = 2.016 ; free physical = 4970 ; free virtual = 106052
Command: read_checkpoint -auto_incremental -incremental /home/miglioranza/FEC/FEC.srcs/utils_1/imports/synth_1/Encoder.dcp
INFO: [Vivado 12-5825] Read reference checkpoint from /home/miglioranza/FEC/FEC.srcs/utils_1/imports/synth_1/Encoder.dcp for incremental synthesis
INFO: [Vivado 12-7989] Please ensure there are no constraint changes
Command: synth_design -top Encoder -part xczu28dr-ffvg1517-2-e
Starting synth_design
Attempting to get a license for feature 'Synthesis' and/or device 'xczu28dr'
INFO: [Common 17-349] Got license for feature 'Synthesis' and/or device 'xczu28dr'
INFO: [Common 17-1540] The version limit for your license is '2024.01' and has expired for new software. A version limit expiration means that, although you may be able to continue to use the current version of tools or IP with this license, you will not be eligible for new releases.
INFO: [Device 21-403] Loading part xczu28dr-ffvg1517-2-e
WARNING: [Designutils 20-4072] Reference run did not run incremental synthesis because the design is too small; reverting to default synthesis
INFO: [Designutils 20-4379] Flow is switching to default flow due to incremental criteria not met. If you would like to alter this behaviour and have the flow terminate instead, please set the following parameter config_implementation {autoIncr.Synth.RejectBehavior Terminate}
INFO: [Synth 8-7079] Multithreading enabled for synth_design using a maximum of 4 processes.
INFO: [Synth 8-7078] Launching helper process for spawning children vivado processes
INFO: [Synth 8-7075] Helper process launched with PID 3653604
---------------------------------------------------------------------------------
Starting RTL Elaboration : Time (s): cpu = 00:00:03 ; elapsed = 00:00:04 . Memory (MB): peak = 3462.516 ; gain = 229.688 ; free physical = 3721 ; free virtual = 104809
---------------------------------------------------------------------------------
INFO: [Synth 8-638] synthesizing module 'Encoder' [/home/miglioranza/FEC/FEC.srcs/sources_1/new/Encoder.vhd:55]
WARNING: [Synth 8-6044] Case expression and choice expression width mismatch, Case expression is 5 wide and choice expression is 4 wide [/home/miglioranza/FEC/FEC.srcs/sources_1/new/Encoder.vhd:174]
WARNING: [Synth 8-6044] Case expression and choice expression width mismatch, Case expression is 5 wide and choice expression is 4 wide [/home/miglioranza/FEC/FEC.srcs/sources_1/new/Encoder.vhd:182]
WARNING: [Synth 8-6044] Case expression and choice expression width mismatch, Case expression is 5 wide and choice expression is 4 wide [/home/miglioranza/FEC/FEC.srcs/sources_1/new/Encoder.vhd:190]
WARNING: [Synth 8-6044] Case expression and choice expression width mismatch, Case expression is 5 wide and choice expression is 4 wide [/home/miglioranza/FEC/FEC.srcs/sources_1/new/Encoder.vhd:198]
WARNING: [Synth 8-6044] Case expression and choice expression width mismatch, Case expression is 5 wide and choice expression is 4 wide [/home/miglioranza/FEC/FEC.srcs/sources_1/new/Encoder.vhd:206]
WARNING: [Synth 8-614] signal 'reset' is read in the process but is not in the sensitivity list [/home/miglioranza/FEC/FEC.srcs/sources_1/new/Encoder.vhd:125]
INFO: [Synth 8-3491] module 'LDPC_core' declared at '/home/miglioranza/FEC/FEC.srcs/sources_1/new/LDPC_core.vhd:34' bound to instance 'LDPC_encoder_1x16_inst0' of component 'LDPC_core' [/home/miglioranza/FEC/FEC.srcs/sources_1/new/Encoder.vhd:256]
INFO: [Synth 8-638] synthesizing module 'LDPC_core' [/home/miglioranza/FEC/FEC.srcs/sources_1/new/LDPC_core.vhd:53]
INFO: [Synth 8-3491] module 'sd_fec_0' declared at '/home/miglioranza/FEC/FEC.runs/synth_1/.Xil/Vivado-3653203-uxsrv005/realtime/sd_fec_0_stub.v:6' bound to instance 'ldcp_encoder' of component 'sd_fec_0' [/home/miglioranza/FEC/FEC.srcs/sources_1/new/LDPC_core.vhd:100]
INFO: [Synth 8-6157] synthesizing module 'sd_fec_0' [/home/miglioranza/FEC/FEC.runs/synth_1/.Xil/Vivado-3653203-uxsrv005/realtime/sd_fec_0_stub.v:6]
INFO: [Synth 8-6155] done synthesizing module 'sd_fec_0' (1#1) [/home/miglioranza/FEC/FEC.runs/synth_1/.Xil/Vivado-3653203-uxsrv005/realtime/sd_fec_0_stub.v:6]
WARNING: [Synth 8-3848] Net data_in_ready in module/entity LDPC_core does not have driver. [/home/miglioranza/FEC/FEC.srcs/sources_1/new/LDPC_core.vhd:41]
WARNING: [Synth 8-3848] Net data_out_last in module/entity LDPC_core does not have driver. [/home/miglioranza/FEC/FEC.srcs/sources_1/new/LDPC_core.vhd:45]
INFO: [Synth 8-256] done synthesizing module 'LDPC_core' (2#1) [/home/miglioranza/FEC/FEC.srcs/sources_1/new/LDPC_core.vhd:53]
INFO: [Synth 8-3491] module 'LDPC_core' declared at '/home/miglioranza/FEC/FEC.srcs/sources_1/new/LDPC_core.vhd:34' bound to instance 'LDPC_encoder_1x16_inst1' of component 'LDPC_core' [/home/miglioranza/FEC/FEC.srcs/sources_1/new/Encoder.vhd:274]
INFO: [Synth 8-3491] module 'LDPC_core' declared at '/home/miglioranza/FEC/FEC.srcs/sources_1/new/LDPC_core.vhd:34' bound to instance 'LDPC_encoder_1x16_inst2' of component 'LDPC_core' [/home/miglioranza/FEC/FEC.srcs/sources_1/new/Encoder.vhd:293]
INFO: [Synth 8-3491] module 'LDPC_core' declared at '/home/miglioranza/FEC/FEC.srcs/sources_1/new/LDPC_core.vhd:34' bound to instance 'LDPC_encoder_1x16_inst3' of component 'LDPC_core' [/home/miglioranza/FEC/FEC.srcs/sources_1/new/Encoder.vhd:311]
WARNING: [Synth 8-6014] Unused sequential element block_counter_reg was removed.  [/home/miglioranza/FEC/FEC.srcs/sources_1/new/Encoder.vhd:133]
WARNING: [Synth 8-3848] Net data_out_last in module/entity Encoder does not have driver. [/home/miglioranza/FEC/FEC.srcs/sources_1/new/Encoder.vhd:48]
WARNING: [Synth 8-3848] Net bg_core0 in module/entity Encoder does not have driver. [/home/miglioranza/FEC/FEC.srcs/sources_1/new/Encoder.vhd:86]
INFO: [Synth 8-256] done synthesizing module 'Encoder' (3#1) [/home/miglioranza/FEC/FEC.srcs/sources_1/new/Encoder.vhd:55]
WARNING: [Synth 8-7129] Port data_in_ready in module LDPC_core is either unconnected or has no load
WARNING: [Synth 8-7129] Port data_out_last in module LDPC_core is either unconnected or has no load
WARNING: [Synth 8-7129] Port data_out_last in module Encoder is either unconnected or has no load
WARNING: [Synth 8-7129] Port data_in_ready_cores in module Encoder is either unconnected or has no load
WARNING: [Synth 8-7129] Port data_out_ready in module Encoder is either unconnected or has no load
---------------------------------------------------------------------------------
Finished RTL Elaboration : Time (s): cpu = 00:00:04 ; elapsed = 00:00:05 . Memory (MB): peak = 3505.453 ; gain = 272.625 ; free physical = 2767 ; free virtual = 103856
---------------------------------------------------------------------------------
---------------------------------------------------------------------------------
Start Handling Custom Attributes
---------------------------------------------------------------------------------
---------------------------------------------------------------------------------
Finished Handling Custom Attributes : Time (s): cpu = 00:00:05 ; elapsed = 00:00:06 . Memory (MB): peak = 3523.266 ; gain = 290.438 ; free physical = 2761 ; free virtual = 103851
---------------------------------------------------------------------------------
---------------------------------------------------------------------------------
Finished RTL Optimization Phase 1 : Time (s): cpu = 00:00:05 ; elapsed = 00:00:06 . Memory (MB): peak = 3523.266 ; gain = 290.438 ; free physical = 2761 ; free virtual = 103851
---------------------------------------------------------------------------------
Netlist sorting complete. Time (s): cpu = 00:00:00.01 ; elapsed = 00:00:00 . Memory (MB): peak = 3523.266 ; gain = 0.000 ; free physical = 3056 ; free virtual = 104146
INFO: [Project 1-570] Preparing netlist for logic optimization

Processing XDC Constraints
Initializing timing engine
Parsing XDC File [/home/miglioranza/FEC/FEC.gen/sources_1/ip/sd_fec_0/sd_fec_0/sd_fec_0_in_context.xdc] for cell 'LDPC_encoder_1x16_inst0/ldcp_encoder'
Finished Parsing XDC File [/home/miglioranza/FEC/FEC.gen/sources_1/ip/sd_fec_0/sd_fec_0/sd_fec_0_in_context.xdc] for cell 'LDPC_encoder_1x16_inst0/ldcp_encoder'
Parsing XDC File [/home/miglioranza/FEC/FEC.gen/sources_1/ip/sd_fec_0/sd_fec_0/sd_fec_0_in_context.xdc] for cell 'LDPC_encoder_1x16_inst1/ldcp_encoder'
Finished Parsing XDC File [/home/miglioranza/FEC/FEC.gen/sources_1/ip/sd_fec_0/sd_fec_0/sd_fec_0_in_context.xdc] for cell 'LDPC_encoder_1x16_inst1/ldcp_encoder'
Parsing XDC File [/home/miglioranza/FEC/FEC.gen/sources_1/ip/sd_fec_0/sd_fec_0/sd_fec_0_in_context.xdc] for cell 'LDPC_encoder_1x16_inst2/ldcp_encoder'
Finished Parsing XDC File [/home/miglioranza/FEC/FEC.gen/sources_1/ip/sd_fec_0/sd_fec_0/sd_fec_0_in_context.xdc] for cell 'LDPC_encoder_1x16_inst2/ldcp_encoder'
Parsing XDC File [/home/miglioranza/FEC/FEC.gen/sources_1/ip/sd_fec_0/sd_fec_0/sd_fec_0_in_context.xdc] for cell 'LDPC_encoder_1x16_inst3/ldcp_encoder'
Finished Parsing XDC File [/home/miglioranza/FEC/FEC.gen/sources_1/ip/sd_fec_0/sd_fec_0/sd_fec_0_in_context.xdc] for cell 'LDPC_encoder_1x16_inst3/ldcp_encoder'
Completed Processing XDC Constraints

Netlist sorting complete. Time (s): cpu = 00:00:00 ; elapsed = 00:00:00 . Memory (MB): peak = 3693.109 ; gain = 0.000 ; free physical = 3610 ; free virtual = 104699
INFO: [Project 1-111] Unisim Transformation Summary:
No Unisim elements were transformed.

Constraint Validation Runtime : Time (s): cpu = 00:00:00.01 ; elapsed = 00:00:00.02 . Memory (MB): peak = 3693.109 ; gain = 0.000 ; free physical = 3610 ; free virtual = 104699
WARNING: [Designutils 20-4072] Reference run did not run incremental synthesis because the design is too small; reverting to default synthesis
INFO: [Designutils 20-4379] Flow is switching to default flow due to incremental criteria not met. If you would like to alter this behaviour and have the flow terminate instead, please set the following parameter config_implementation {autoIncr.Synth.RejectBehavior Terminate}
---------------------------------------------------------------------------------
Finished Constraint Validation : Time (s): cpu = 00:00:10 ; elapsed = 00:00:12 . Memory (MB): peak = 3693.109 ; gain = 460.281 ; free physical = 3675 ; free virtual = 104766
---------------------------------------------------------------------------------
---------------------------------------------------------------------------------
Start Loading Part and Timing Information
---------------------------------------------------------------------------------
Loading part: xczu28dr-ffvg1517-2-e
INFO: [Synth 8-6742] Reading net delay rules and data
---------------------------------------------------------------------------------
Finished Loading Part and Timing Information : Time (s): cpu = 00:00:10 ; elapsed = 00:00:12 . Memory (MB): peak = 3693.109 ; gain = 460.281 ; free physical = 3675 ; free virtual = 104766
---------------------------------------------------------------------------------
---------------------------------------------------------------------------------
Start Applying 'set_property' XDC Constraints
---------------------------------------------------------------------------------
Applied set_property KEEP_HIERARCHY = SOFT for LDPC_encoder_1x16_inst0/ldcp_encoder. (constraint file  auto generated constraint).
Applied set_property KEEP_HIERARCHY = SOFT for LDPC_encoder_1x16_inst1/ldcp_encoder. (constraint file  auto generated constraint).
Applied set_property KEEP_HIERARCHY = SOFT for LDPC_encoder_1x16_inst2/ldcp_encoder. (constraint file  auto generated constraint).
Applied set_property KEEP_HIERARCHY = SOFT for LDPC_encoder_1x16_inst3/ldcp_encoder. (constraint file  auto generated constraint).
---------------------------------------------------------------------------------
Finished applying 'set_property' XDC Constraints : Time (s): cpu = 00:00:10 ; elapsed = 00:00:12 . Memory (MB): peak = 3693.109 ; gain = 460.281 ; free physical = 3668 ; free virtual = 104763
---------------------------------------------------------------------------------
INFO: [Synth 8-802] inferred FSM for state register 'enc_state_reg' in module 'Encoder'
---------------------------------------------------------------------------------------------------
                   State |                     New Encoding |                Previous Encoding 
---------------------------------------------------------------------------------------------------
          starting_state |                               00 |                               00
        encoding_process |                               01 |                               01
     code_rate_selection |                               10 |                               11
         padding_process |                               11 |                               10
---------------------------------------------------------------------------------------------------
INFO: [Synth 8-3354] encoded FSM with state register 'enc_state_reg' using encoding 'sequential' in module 'Encoder'
---------------------------------------------------------------------------------
Finished RTL Optimization Phase 2 : Time (s): cpu = 00:00:10 ; elapsed = 00:00:13 . Memory (MB): peak = 3693.109 ; gain = 460.281 ; free physical = 3661 ; free virtual = 104758
---------------------------------------------------------------------------------
---------------------------------------------------------------------------------
Start RTL Component Statistics 
---------------------------------------------------------------------------------
Detailed RTL Component Info : 
+---Adders : 
	   2 Input    8 Bit       Adders := 1     
+---Registers : 
	               32 Bit    Registers := 5     
	                8 Bit    Registers := 2     
	                6 Bit    Registers := 4     
	                5 Bit    Registers := 1     
	                3 Bit    Registers := 9     
	                1 Bit    Registers := 6     
+---Muxes : 
	   4 Input   32 Bit        Muxes := 1     
	   2 Input    8 Bit        Muxes := 1     
	   4 Input    8 Bit        Muxes := 1     
	   2 Input    7 Bit        Muxes := 1     
	   6 Input    7 Bit        Muxes := 1     
	   2 Input    6 Bit        Muxes := 1     
	   6 Input    6 Bit        Muxes := 1     
	   2 Input    3 Bit        Muxes := 2     
	   6 Input    3 Bit        Muxes := 2     
	   4 Input    2 Bit        Muxes := 2     
	   2 Input    2 Bit        Muxes := 2     
	   2 Input    1 Bit        Muxes := 11    
	   6 Input    1 Bit        Muxes := 9     
	   4 Input    1 Bit        Muxes := 15    
---------------------------------------------------------------------------------
Finished RTL Component Statistics 
---------------------------------------------------------------------------------
---------------------------------------------------------------------------------
Start Part Resource Summary
---------------------------------------------------------------------------------
Part Resources:
DSPs: 4272 (col length:192)
BRAMs: 2160 (col length: RAMB18 192 RAMB36 96)
---------------------------------------------------------------------------------
Finished Part Resource Summary
---------------------------------------------------------------------------------
---------------------------------------------------------------------------------
Start Cross Boundary and Area Optimization
---------------------------------------------------------------------------------
WARNING: [Synth 8-7080] Parallel synthesis criteria is not met
WARNING: [Synth 8-7129] Port data_out_last in module Encoder is either unconnected or has no load
WARNING: [Synth 8-7129] Port data_in_ready_cores in module Encoder is either unconnected or has no load
WARNING: [Synth 8-7129] Port data_out_ready in module Encoder is either unconnected or has no load
---------------------------------------------------------------------------------
Finished Cross Boundary and Area Optimization : Time (s): cpu = 00:00:11 ; elapsed = 00:00:14 . Memory (MB): peak = 3693.109 ; gain = 460.281 ; free physical = 3646 ; free virtual = 104748
---------------------------------------------------------------------------------
---------------------------------------------------------------------------------
Start Applying XDC Timing Constraints
---------------------------------------------------------------------------------
---------------------------------------------------------------------------------
Finished Applying XDC Timing Constraints : Time (s): cpu = 00:00:20 ; elapsed = 00:00:25 . Memory (MB): peak = 3949.816 ; gain = 716.988 ; free physical = 3140 ; free virtual = 104268
---------------------------------------------------------------------------------
---------------------------------------------------------------------------------
Start Timing Optimization
---------------------------------------------------------------------------------
---------------------------------------------------------------------------------
Finished Timing Optimization : Time (s): cpu = 00:00:20 ; elapsed = 00:00:25 . Memory (MB): peak = 3949.816 ; gain = 716.988 ; free physical = 3140 ; free virtual = 104268
---------------------------------------------------------------------------------
---------------------------------------------------------------------------------
Start Technology Mapping
---------------------------------------------------------------------------------
---------------------------------------------------------------------------------
Finished Technology Mapping : Time (s): cpu = 00:00:20 ; elapsed = 00:00:25 . Memory (MB): peak = 3978.863 ; gain = 746.035 ; free physical = 3138 ; free virtual = 104267
---------------------------------------------------------------------------------
---------------------------------------------------------------------------------
Start IO Insertion
---------------------------------------------------------------------------------
---------------------------------------------------------------------------------
Start Flattening Before IO Insertion
---------------------------------------------------------------------------------
---------------------------------------------------------------------------------
Finished Flattening Before IO Insertion
---------------------------------------------------------------------------------
---------------------------------------------------------------------------------
Start Final Netlist Cleanup
---------------------------------------------------------------------------------
---------------------------------------------------------------------------------
Finished Final Netlist Cleanup
---------------------------------------------------------------------------------
CRITICAL WARNING: [Synth 8-4442] BlackBox module \LDPC_encoder_1x16_inst0/ldcp_encoder  has unconnected pin s_axi_awaddr[17]
CRITICAL WARNING: [Synth 8-4442] BlackBox module \LDPC_encoder_1x16_inst0/ldcp_encoder  has unconnected pin s_axi_awaddr[16]
CRITICAL WARNING: [Synth 8-4442] BlackBox module \LDPC_encoder_1x16_inst0/ldcp_encoder  has unconnected pin s_axi_awaddr[15]
CRITICAL WARNING: [Synth 8-4442] BlackBox module \LDPC_encoder_1x16_inst0/ldcp_encoder  has unconnected pin s_axi_awaddr[14]
CRITICAL WARNING: [Synth 8-4442] BlackBox module \LDPC_encoder_1x16_inst0/ldcp_encoder  has unconnected pin s_axi_awaddr[13]
CRITICAL WARNING: [Synth 8-4442] BlackBox module \LDPC_encoder_1x16_inst0/ldcp_encoder  has unconnected pin s_axi_awaddr[12]
CRITICAL WARNING: [Synth 8-4442] BlackBox module \LDPC_encoder_1x16_inst0/ldcp_encoder  has unconnected pin s_axi_awaddr[11]
CRITICAL WARNING: [Synth 8-4442] BlackBox module \LDPC_encoder_1x16_inst0/ldcp_encoder  has unconnected pin s_axi_awaddr[10]
CRITICAL WARNING: [Synth 8-4442] BlackBox module \LDPC_encoder_1x16_inst0/ldcp_encoder  has unconnected pin s_axi_awaddr[9]
CRITICAL WARNING: [Synth 8-4442] BlackBox module \LDPC_encoder_1x16_inst0/ldcp_encoder  has unconnected pin s_axi_awaddr[8]
CRITICAL WARNING: [Synth 8-4442] BlackBox module \LDPC_encoder_1x16_inst0/ldcp_encoder  has unconnected pin s_axi_awaddr[7]
CRITICAL WARNING: [Synth 8-4442] BlackBox module \LDPC_encoder_1x16_inst0/ldcp_encoder  has unconnected pin s_axi_awaddr[6]
CRITICAL WARNING: [Synth 8-4442] BlackBox module \LDPC_encoder_1x16_inst0/ldcp_encoder  has unconnected pin s_axi_awaddr[5]
CRITICAL WARNING: [Synth 8-4442] BlackBox module \LDPC_encoder_1x16_inst0/ldcp_encoder  has unconnected pin s_axi_awaddr[4]
CRITICAL WARNING: [Synth 8-4442] BlackBox module \LDPC_encoder_1x16_inst0/ldcp_encoder  has unconnected pin s_axi_awaddr[3]
CRITICAL WARNING: [Synth 8-4442] BlackBox module \LDPC_encoder_1x16_inst0/ldcp_encoder  has unconnected pin s_axi_awaddr[2]
CRITICAL WARNING: [Synth 8-4442] BlackBox module \LDPC_encoder_1x16_inst0/ldcp_encoder  has unconnected pin s_axi_awaddr[1]
CRITICAL WARNING: [Synth 8-4442] BlackBox module \LDPC_encoder_1x16_inst0/ldcp_encoder  has unconnected pin s_axi_awaddr[0]
CRITICAL WARNING: [Synth 8-4442] BlackBox module \LDPC_encoder_1x16_inst0/ldcp_encoder  has unconnected pin s_axi_awvalid
CRITICAL WARNING: [Synth 8-4442] BlackBox module \LDPC_encoder_1x16_inst0/ldcp_encoder  has unconnected pin s_axi_wdata[31]
CRITICAL WARNING: [Synth 8-4442] BlackBox module \LDPC_encoder_1x16_inst0/ldcp_encoder  has unconnected pin s_axi_wdata[30]
CRITICAL WARNING: [Synth 8-4442] BlackBox module \LDPC_encoder_1x16_inst0/ldcp_encoder  has unconnected pin s_axi_wdata[29]
CRITICAL WARNING: [Synth 8-4442] BlackBox module \LDPC_encoder_1x16_inst0/ldcp_encoder  has unconnected pin s_axi_wdata[28]
CRITICAL WARNING: [Synth 8-4442] BlackBox module \LDPC_encoder_1x16_inst0/ldcp_encoder  has unconnected pin s_axi_wdata[27]
CRITICAL WARNING: [Synth 8-4442] BlackBox module \LDPC_encoder_1x16_inst0/ldcp_encoder  has unconnected pin s_axi_wdata[26]
CRITICAL WARNING: [Synth 8-4442] BlackBox module \LDPC_encoder_1x16_inst0/ldcp_encoder  has unconnected pin s_axi_wdata[25]
CRITICAL WARNING: [Synth 8-4442] BlackBox module \LDPC_encoder_1x16_inst0/ldcp_encoder  has unconnected pin s_axi_wdata[24]
CRITICAL WARNING: [Synth 8-4442] BlackBox module \LDPC_encoder_1x16_inst0/ldcp_encoder  has unconnected pin s_axi_wdata[23]
CRITICAL WARNING: [Synth 8-4442] BlackBox module \LDPC_encoder_1x16_inst0/ldcp_encoder  has unconnected pin s_axi_wdata[22]
CRITICAL WARNING: [Synth 8-4442] BlackBox module \LDPC_encoder_1x16_inst0/ldcp_encoder  has unconnected pin s_axi_wdata[21]
CRITICAL WARNING: [Synth 8-4442] BlackBox module \LDPC_encoder_1x16_inst0/ldcp_encoder  has unconnected pin s_axi_wdata[20]
CRITICAL WARNING: [Synth 8-4442] BlackBox module \LDPC_encoder_1x16_inst0/ldcp_encoder  has unconnected pin s_axi_wdata[19]
CRITICAL WARNING: [Synth 8-4442] BlackBox module \LDPC_encoder_1x16_inst0/ldcp_encoder  has unconnected pin s_axi_wdata[18]
CRITICAL WARNING: [Synth 8-4442] BlackBox module \LDPC_encoder_1x16_inst0/ldcp_encoder  has unconnected pin s_axi_wdata[17]
CRITICAL WARNING: [Synth 8-4442] BlackBox module \LDPC_encoder_1x16_inst0/ldcp_encoder  has unconnected pin s_axi_wdata[16]
CRITICAL WARNING: [Synth 8-4442] BlackBox module \LDPC_encoder_1x16_inst0/ldcp_encoder  has unconnected pin s_axi_wdata[15]
CRITICAL WARNING: [Synth 8-4442] BlackBox module \LDPC_encoder_1x16_inst0/ldcp_encoder  has unconnected pin s_axi_wdata[14]
CRITICAL WARNING: [Synth 8-4442] BlackBox module \LDPC_encoder_1x16_inst0/ldcp_encoder  has unconnected pin s_axi_wdata[13]
CRITICAL WARNING: [Synth 8-4442] BlackBox module \LDPC_encoder_1x16_inst0/ldcp_encoder  has unconnected pin s_axi_wdata[12]
CRITICAL WARNING: [Synth 8-4442] BlackBox module \LDPC_encoder_1x16_inst0/ldcp_encoder  has unconnected pin s_axi_wdata[11]
CRITICAL WARNING: [Synth 8-4442] BlackBox module \LDPC_encoder_1x16_inst0/ldcp_encoder  has unconnected pin s_axi_wdata[10]
CRITICAL WARNING: [Synth 8-4442] BlackBox module \LDPC_encoder_1x16_inst0/ldcp_encoder  has unconnected pin s_axi_wdata[9]
CRITICAL WARNING: [Synth 8-4442] BlackBox module \LDPC_encoder_1x16_inst0/ldcp_encoder  has unconnected pin s_axi_wdata[8]
CRITICAL WARNING: [Synth 8-4442] BlackBox module \LDPC_encoder_1x16_inst0/ldcp_encoder  has unconnected pin s_axi_wdata[7]
CRITICAL WARNING: [Synth 8-4442] BlackBox module \LDPC_encoder_1x16_inst0/ldcp_encoder  has unconnected pin s_axi_wdata[6]
CRITICAL WARNING: [Synth 8-4442] BlackBox module \LDPC_encoder_1x16_inst0/ldcp_encoder  has unconnected pin s_axi_wdata[5]
CRITICAL WARNING: [Synth 8-4442] BlackBox module \LDPC_encoder_1x16_inst0/ldcp_encoder  has unconnected pin s_axi_wdata[4]
CRITICAL WARNING: [Synth 8-4442] BlackBox module \LDPC_encoder_1x16_inst0/ldcp_encoder  has unconnected pin s_axi_wdata[3]
CRITICAL WARNING: [Synth 8-4442] BlackBox module \LDPC_encoder_1x16_inst0/ldcp_encoder  has unconnected pin s_axi_wdata[2]
CRITICAL WARNING: [Synth 8-4442] BlackBox module \LDPC_encoder_1x16_inst0/ldcp_encoder  has unconnected pin s_axi_wdata[1]
CRITICAL WARNING: [Synth 8-4442] BlackBox module \LDPC_encoder_1x16_inst0/ldcp_encoder  has unconnected pin s_axi_wdata[0]
CRITICAL WARNING: [Synth 8-4442] BlackBox module \LDPC_encoder_1x16_inst0/ldcp_encoder  has unconnected pin s_axi_wvalid
CRITICAL WARNING: [Synth 8-4442] BlackBox module \LDPC_encoder_1x16_inst0/ldcp_encoder  has unconnected pin s_axi_bready
CRITICAL WARNING: [Synth 8-4442] BlackBox module \LDPC_encoder_1x16_inst0/ldcp_encoder  has unconnected pin s_axi_araddr[17]
CRITICAL WARNING: [Synth 8-4442] BlackBox module \LDPC_encoder_1x16_inst0/ldcp_encoder  has unconnected pin s_axi_araddr[16]
CRITICAL WARNING: [Synth 8-4442] BlackBox module \LDPC_encoder_1x16_inst0/ldcp_encoder  has unconnected pin s_axi_araddr[15]
CRITICAL WARNING: [Synth 8-4442] BlackBox module \LDPC_encoder_1x16_inst0/ldcp_encoder  has unconnected pin s_axi_araddr[14]
CRITICAL WARNING: [Synth 8-4442] BlackBox module \LDPC_encoder_1x16_inst0/ldcp_encoder  has unconnected pin s_axi_araddr[13]
CRITICAL WARNING: [Synth 8-4442] BlackBox module \LDPC_encoder_1x16_inst0/ldcp_encoder  has unconnected pin s_axi_araddr[12]
CRITICAL WARNING: [Synth 8-4442] BlackBox module \LDPC_encoder_1x16_inst0/ldcp_encoder  has unconnected pin s_axi_araddr[11]
CRITICAL WARNING: [Synth 8-4442] BlackBox module \LDPC_encoder_1x16_inst0/ldcp_encoder  has unconnected pin s_axi_araddr[10]
CRITICAL WARNING: [Synth 8-4442] BlackBox module \LDPC_encoder_1x16_inst0/ldcp_encoder  has unconnected pin s_axi_araddr[9]
CRITICAL WARNING: [Synth 8-4442] BlackBox module \LDPC_encoder_1x16_inst0/ldcp_encoder  has unconnected pin s_axi_araddr[8]
CRITICAL WARNING: [Synth 8-4442] BlackBox module \LDPC_encoder_1x16_inst0/ldcp_encoder  has unconnected pin s_axi_araddr[7]
CRITICAL WARNING: [Synth 8-4442] BlackBox module \LDPC_encoder_1x16_inst0/ldcp_encoder  has unconnected pin s_axi_araddr[6]
CRITICAL WARNING: [Synth 8-4442] BlackBox module \LDPC_encoder_1x16_inst0/ldcp_encoder  has unconnected pin s_axi_araddr[5]
CRITICAL WARNING: [Synth 8-4442] BlackBox module \LDPC_encoder_1x16_inst0/ldcp_encoder  has unconnected pin s_axi_araddr[4]
CRITICAL WARNING: [Synth 8-4442] BlackBox module \LDPC_encoder_1x16_inst0/ldcp_encoder  has unconnected pin s_axi_araddr[3]
CRITICAL WARNING: [Synth 8-4442] BlackBox module \LDPC_encoder_1x16_inst0/ldcp_encoder  has unconnected pin s_axi_araddr[2]
CRITICAL WARNING: [Synth 8-4442] BlackBox module \LDPC_encoder_1x16_inst0/ldcp_encoder  has unconnected pin s_axi_araddr[1]
CRITICAL WARNING: [Synth 8-4442] BlackBox module \LDPC_encoder_1x16_inst0/ldcp_encoder  has unconnected pin s_axi_araddr[0]
CRITICAL WARNING: [Synth 8-4442] BlackBox module \LDPC_encoder_1x16_inst0/ldcp_encoder  has unconnected pin s_axi_arvalid
CRITICAL WARNING: [Synth 8-4442] BlackBox module \LDPC_encoder_1x16_inst0/ldcp_encoder  has unconnected pin s_axi_rready
CRITICAL WARNING: [Synth 8-4442] BlackBox module \LDPC_encoder_1x16_inst1/ldcp_encoder  has unconnected pin s_axi_awaddr[17]
CRITICAL WARNING: [Synth 8-4442] BlackBox module \LDPC_encoder_1x16_inst1/ldcp_encoder  has unconnected pin s_axi_awaddr[16]
CRITICAL WARNING: [Synth 8-4442] BlackBox module \LDPC_encoder_1x16_inst1/ldcp_encoder  has unconnected pin s_axi_awaddr[15]
CRITICAL WARNING: [Synth 8-4442] BlackBox module \LDPC_encoder_1x16_inst1/ldcp_encoder  has unconnected pin s_axi_awaddr[14]
CRITICAL WARNING: [Synth 8-4442] BlackBox module \LDPC_encoder_1x16_inst1/ldcp_encoder  has unconnected pin s_axi_awaddr[13]
CRITICAL WARNING: [Synth 8-4442] BlackBox module \LDPC_encoder_1x16_inst1/ldcp_encoder  has unconnected pin s_axi_awaddr[12]
CRITICAL WARNING: [Synth 8-4442] BlackBox module \LDPC_encoder_1x16_inst1/ldcp_encoder  has unconnected pin s_axi_awaddr[11]
CRITICAL WARNING: [Synth 8-4442] BlackBox module \LDPC_encoder_1x16_inst1/ldcp_encoder  has unconnected pin s_axi_awaddr[10]
CRITICAL WARNING: [Synth 8-4442] BlackBox module \LDPC_encoder_1x16_inst1/ldcp_encoder  has unconnected pin s_axi_awaddr[9]
CRITICAL WARNING: [Synth 8-4442] BlackBox module \LDPC_encoder_1x16_inst1/ldcp_encoder  has unconnected pin s_axi_awaddr[8]
CRITICAL WARNING: [Synth 8-4442] BlackBox module \LDPC_encoder_1x16_inst1/ldcp_encoder  has unconnected pin s_axi_awaddr[7]
CRITICAL WARNING: [Synth 8-4442] BlackBox module \LDPC_encoder_1x16_inst1/ldcp_encoder  has unconnected pin s_axi_awaddr[6]
CRITICAL WARNING: [Synth 8-4442] BlackBox module \LDPC_encoder_1x16_inst1/ldcp_encoder  has unconnected pin s_axi_awaddr[5]
CRITICAL WARNING: [Synth 8-4442] BlackBox module \LDPC_encoder_1x16_inst1/ldcp_encoder  has unconnected pin s_axi_awaddr[4]
CRITICAL WARNING: [Synth 8-4442] BlackBox module \LDPC_encoder_1x16_inst1/ldcp_encoder  has unconnected pin s_axi_awaddr[3]
CRITICAL WARNING: [Synth 8-4442] BlackBox module \LDPC_encoder_1x16_inst1/ldcp_encoder  has unconnected pin s_axi_awaddr[2]
CRITICAL WARNING: [Synth 8-4442] BlackBox module \LDPC_encoder_1x16_inst1/ldcp_encoder  has unconnected pin s_axi_awaddr[1]
CRITICAL WARNING: [Synth 8-4442] BlackBox module \LDPC_encoder_1x16_inst1/ldcp_encoder  has unconnected pin s_axi_awaddr[0]
CRITICAL WARNING: [Synth 8-4442] BlackBox module \LDPC_encoder_1x16_inst1/ldcp_encoder  has unconnected pin s_axi_awvalid
CRITICAL WARNING: [Synth 8-4442] BlackBox module \LDPC_encoder_1x16_inst1/ldcp_encoder  has unconnected pin s_axi_wdata[31]
CRITICAL WARNING: [Synth 8-4442] BlackBox module \LDPC_encoder_1x16_inst1/ldcp_encoder  has unconnected pin s_axi_wdata[30]
CRITICAL WARNING: [Synth 8-4442] BlackBox module \LDPC_encoder_1x16_inst1/ldcp_encoder  has unconnected pin s_axi_wdata[29]
CRITICAL WARNING: [Synth 8-4442] BlackBox module \LDPC_encoder_1x16_inst1/ldcp_encoder  has unconnected pin s_axi_wdata[28]
CRITICAL WARNING: [Synth 8-4442] BlackBox module \LDPC_encoder_1x16_inst1/ldcp_encoder  has unconnected pin s_axi_wdata[27]
CRITICAL WARNING: [Synth 8-4442] BlackBox module \LDPC_encoder_1x16_inst1/ldcp_encoder  has unconnected pin s_axi_wdata[26]
CRITICAL WARNING: [Synth 8-4442] BlackBox module \LDPC_encoder_1x16_inst1/ldcp_encoder  has unconnected pin s_axi_wdata[25]
CRITICAL WARNING: [Synth 8-4442] BlackBox module \LDPC_encoder_1x16_inst1/ldcp_encoder  has unconnected pin s_axi_wdata[24]
INFO: [Common 17-14] Message 'Synth 8-4442' appears 100 times and further instances of the messages will be disabled. Use the Tcl command set_msg_config to change the current settings.
---------------------------------------------------------------------------------
Finished IO Insertion : Time (s): cpu = 00:00:22 ; elapsed = 00:00:28 . Memory (MB): peak = 3978.863 ; gain = 746.035 ; free physical = 3138 ; free virtual = 104266
---------------------------------------------------------------------------------
---------------------------------------------------------------------------------
Start Renaming Generated Instances
---------------------------------------------------------------------------------
---------------------------------------------------------------------------------
Finished Renaming Generated Instances : Time (s): cpu = 00:00:22 ; elapsed = 00:00:28 . Memory (MB): peak = 3978.863 ; gain = 746.035 ; free physical = 3138 ; free virtual = 104266
---------------------------------------------------------------------------------
CRITICAL WARNING: [Synth 8-6859] multi-driven net on pin data_out_OBUF[31] with 1st driver pin 'LDPC_encoder_1x16_inst2/tmp_32bits_reg[31]/Q' [/home/miglioranza/FEC/FEC.srcs/sources_1/new/LDPC_core.vhd:142]
CRITICAL WARNING: [Synth 8-6859] multi-driven net on pin data_out_OBUF[31] with 2nd driver pin 'LDPC_encoder_1x16_inst0/tmp_32bits_reg[31]/Q' [/home/miglioranza/FEC/FEC.srcs/sources_1/new/LDPC_core.vhd:142]
CRITICAL WARNING: [Synth 8-6859] multi-driven net on pin data_out_OBUF[31] with 3rd driver pin 'LDPC_encoder_1x16_inst1/tmp_32bits_reg[31]/Q' [/home/miglioranza/FEC/FEC.srcs/sources_1/new/LDPC_core.vhd:142]
CRITICAL WARNING: [Synth 8-6859] multi-driven net on pin data_out_OBUF[31] with 4th driver pin 'LDPC_encoder_1x16_inst3/tmp_32bits_reg[31]/Q' [/home/miglioranza/FEC/FEC.srcs/sources_1/new/LDPC_core.vhd:142]
CRITICAL WARNING: [Synth 8-6859] multi-driven net on pin data_out_OBUF[30] with 1st driver pin 'LDPC_encoder_1x16_inst2/tmp_32bits_reg[30]/Q' [/home/miglioranza/FEC/FEC.srcs/sources_1/new/LDPC_core.vhd:142]
CRITICAL WARNING: [Synth 8-6859] multi-driven net on pin data_out_OBUF[30] with 2nd driver pin 'LDPC_encoder_1x16_inst0/tmp_32bits_reg[30]/Q' [/home/miglioranza/FEC/FEC.srcs/sources_1/new/LDPC_core.vhd:142]
CRITICAL WARNING: [Synth 8-6859] multi-driven net on pin data_out_OBUF[30] with 3rd driver pin 'LDPC_encoder_1x16_inst1/tmp_32bits_reg[30]/Q' [/home/miglioranza/FEC/FEC.srcs/sources_1/new/LDPC_core.vhd:142]
CRITICAL WARNING: [Synth 8-6859] multi-driven net on pin data_out_OBUF[30] with 4th driver pin 'LDPC_encoder_1x16_inst3/tmp_32bits_reg[30]/Q' [/home/miglioranza/FEC/FEC.srcs/sources_1/new/LDPC_core.vhd:142]
CRITICAL WARNING: [Synth 8-6859] multi-driven net on pin data_out_OBUF[29] with 1st driver pin 'LDPC_encoder_1x16_inst2/tmp_32bits_reg[29]/Q' [/home/miglioranza/FEC/FEC.srcs/sources_1/new/LDPC_core.vhd:142]
CRITICAL WARNING: [Synth 8-6859] multi-driven net on pin data_out_OBUF[29] with 2nd driver pin 'LDPC_encoder_1x16_inst0/tmp_32bits_reg[29]/Q' [/home/miglioranza/FEC/FEC.srcs/sources_1/new/LDPC_core.vhd:142]
CRITICAL WARNING: [Synth 8-6859] multi-driven net on pin data_out_OBUF[29] with 3rd driver pin 'LDPC_encoder_1x16_inst1/tmp_32bits_reg[29]/Q' [/home/miglioranza/FEC/FEC.srcs/sources_1/new/LDPC_core.vhd:142]
CRITICAL WARNING: [Synth 8-6859] multi-driven net on pin data_out_OBUF[29] with 4th driver pin 'LDPC_encoder_1x16_inst3/tmp_32bits_reg[29]/Q' [/home/miglioranza/FEC/FEC.srcs/sources_1/new/LDPC_core.vhd:142]
CRITICAL WARNING: [Synth 8-6859] multi-driven net on pin data_out_OBUF[28] with 1st driver pin 'LDPC_encoder_1x16_inst2/tmp_32bits_reg[28]/Q' [/home/miglioranza/FEC/FEC.srcs/sources_1/new/LDPC_core.vhd:142]
CRITICAL WARNING: [Synth 8-6859] multi-driven net on pin data_out_OBUF[28] with 2nd driver pin 'LDPC_encoder_1x16_inst0/tmp_32bits_reg[28]/Q' [/home/miglioranza/FEC/FEC.srcs/sources_1/new/LDPC_core.vhd:142]
CRITICAL WARNING: [Synth 8-6859] multi-driven net on pin data_out_OBUF[28] with 3rd driver pin 'LDPC_encoder_1x16_inst1/tmp_32bits_reg[28]/Q' [/home/miglioranza/FEC/FEC.srcs/sources_1/new/LDPC_core.vhd:142]
CRITICAL WARNING: [Synth 8-6859] multi-driven net on pin data_out_OBUF[28] with 4th driver pin 'LDPC_encoder_1x16_inst3/tmp_32bits_reg[28]/Q' [/home/miglioranza/FEC/FEC.srcs/sources_1/new/LDPC_core.vhd:142]
CRITICAL WARNING: [Synth 8-6859] multi-driven net on pin data_out_OBUF[27] with 1st driver pin 'LDPC_encoder_1x16_inst2/tmp_32bits_reg[27]/Q' [/home/miglioranza/FEC/FEC.srcs/sources_1/new/LDPC_core.vhd:142]
CRITICAL WARNING: [Synth 8-6859] multi-driven net on pin data_out_OBUF[27] with 2nd driver pin 'LDPC_encoder_1x16_inst0/tmp_32bits_reg[27]/Q' [/home/miglioranza/FEC/FEC.srcs/sources_1/new/LDPC_core.vhd:142]
CRITICAL WARNING: [Synth 8-6859] multi-driven net on pin data_out_OBUF[27] with 3rd driver pin 'LDPC_encoder_1x16_inst1/tmp_32bits_reg[27]/Q' [/home/miglioranza/FEC/FEC.srcs/sources_1/new/LDPC_core.vhd:142]
CRITICAL WARNING: [Synth 8-6859] multi-driven net on pin data_out_OBUF[27] with 4th driver pin 'LDPC_encoder_1x16_inst3/tmp_32bits_reg[27]/Q' [/home/miglioranza/FEC/FEC.srcs/sources_1/new/LDPC_core.vhd:142]
CRITICAL WARNING: [Synth 8-6859] multi-driven net on pin data_out_OBUF[26] with 1st driver pin 'LDPC_encoder_1x16_inst2/tmp_32bits_reg[26]/Q' [/home/miglioranza/FEC/FEC.srcs/sources_1/new/LDPC_core.vhd:142]
CRITICAL WARNING: [Synth 8-6859] multi-driven net on pin data_out_OBUF[26] with 2nd driver pin 'LDPC_encoder_1x16_inst0/tmp_32bits_reg[26]/Q' [/home/miglioranza/FEC/FEC.srcs/sources_1/new/LDPC_core.vhd:142]
CRITICAL WARNING: [Synth 8-6859] multi-driven net on pin data_out_OBUF[26] with 3rd driver pin 'LDPC_encoder_1x16_inst1/tmp_32bits_reg[26]/Q' [/home/miglioranza/FEC/FEC.srcs/sources_1/new/LDPC_core.vhd:142]
CRITICAL WARNING: [Synth 8-6859] multi-driven net on pin data_out_OBUF[26] with 4th driver pin 'LDPC_encoder_1x16_inst3/tmp_32bits_reg[26]/Q' [/home/miglioranza/FEC/FEC.srcs/sources_1/new/LDPC_core.vhd:142]
CRITICAL WARNING: [Synth 8-6859] multi-driven net on pin data_out_OBUF[25] with 1st driver pin 'LDPC_encoder_1x16_inst2/tmp_32bits_reg[25]/Q' [/home/miglioranza/FEC/FEC.srcs/sources_1/new/LDPC_core.vhd:142]
CRITICAL WARNING: [Synth 8-6859] multi-driven net on pin data_out_OBUF[25] with 2nd driver pin 'LDPC_encoder_1x16_inst0/tmp_32bits_reg[25]/Q' [/home/miglioranza/FEC/FEC.srcs/sources_1/new/LDPC_core.vhd:142]
CRITICAL WARNING: [Synth 8-6859] multi-driven net on pin data_out_OBUF[25] with 3rd driver pin 'LDPC_encoder_1x16_inst1/tmp_32bits_reg[25]/Q' [/home/miglioranza/FEC/FEC.srcs/sources_1/new/LDPC_core.vhd:142]
CRITICAL WARNING: [Synth 8-6859] multi-driven net on pin data_out_OBUF[25] with 4th driver pin 'LDPC_encoder_1x16_inst3/tmp_32bits_reg[25]/Q' [/home/miglioranza/FEC/FEC.srcs/sources_1/new/LDPC_core.vhd:142]
CRITICAL WARNING: [Synth 8-6859] multi-driven net on pin data_out_OBUF[24] with 1st driver pin 'LDPC_encoder_1x16_inst2/tmp_32bits_reg[24]/Q' [/home/miglioranza/FEC/FEC.srcs/sources_1/new/LDPC_core.vhd:142]
CRITICAL WARNING: [Synth 8-6859] multi-driven net on pin data_out_OBUF[24] with 2nd driver pin 'LDPC_encoder_1x16_inst0/tmp_32bits_reg[24]/Q' [/home/miglioranza/FEC/FEC.srcs/sources_1/new/LDPC_core.vhd:142]
CRITICAL WARNING: [Synth 8-6859] multi-driven net on pin data_out_OBUF[24] with 3rd driver pin 'LDPC_encoder_1x16_inst1/tmp_32bits_reg[24]/Q' [/home/miglioranza/FEC/FEC.srcs/sources_1/new/LDPC_core.vhd:142]
CRITICAL WARNING: [Synth 8-6859] multi-driven net on pin data_out_OBUF[24] with 4th driver pin 'LDPC_encoder_1x16_inst3/tmp_32bits_reg[24]/Q' [/home/miglioranza/FEC/FEC.srcs/sources_1/new/LDPC_core.vhd:142]
CRITICAL WARNING: [Synth 8-6859] multi-driven net on pin data_out_OBUF[23] with 1st driver pin 'LDPC_encoder_1x16_inst2/tmp_32bits_reg[23]/Q' [/home/miglioranza/FEC/FEC.srcs/sources_1/new/LDPC_core.vhd:142]
CRITICAL WARNING: [Synth 8-6859] multi-driven net on pin data_out_OBUF[23] with 2nd driver pin 'LDPC_encoder_1x16_inst0/tmp_32bits_reg[23]/Q' [/home/miglioranza/FEC/FEC.srcs/sources_1/new/LDPC_core.vhd:142]
CRITICAL WARNING: [Synth 8-6859] multi-driven net on pin data_out_OBUF[23] with 3rd driver pin 'LDPC_encoder_1x16_inst1/tmp_32bits_reg[23]/Q' [/home/miglioranza/FEC/FEC.srcs/sources_1/new/LDPC_core.vhd:142]
CRITICAL WARNING: [Synth 8-6859] multi-driven net on pin data_out_OBUF[23] with 4th driver pin 'LDPC_encoder_1x16_inst3/tmp_32bits_reg[23]/Q' [/home/miglioranza/FEC/FEC.srcs/sources_1/new/LDPC_core.vhd:142]
CRITICAL WARNING: [Synth 8-6859] multi-driven net on pin data_out_OBUF[22] with 1st driver pin 'LDPC_encoder_1x16_inst2/tmp_32bits_reg[22]/Q' [/home/miglioranza/FEC/FEC.srcs/sources_1/new/LDPC_core.vhd:142]
CRITICAL WARNING: [Synth 8-6859] multi-driven net on pin data_out_OBUF[22] with 2nd driver pin 'LDPC_encoder_1x16_inst0/tmp_32bits_reg[22]/Q' [/home/miglioranza/FEC/FEC.srcs/sources_1/new/LDPC_core.vhd:142]
CRITICAL WARNING: [Synth 8-6859] multi-driven net on pin data_out_OBUF[22] with 3rd driver pin 'LDPC_encoder_1x16_inst1/tmp_32bits_reg[22]/Q' [/home/miglioranza/FEC/FEC.srcs/sources_1/new/LDPC_core.vhd:142]
CRITICAL WARNING: [Synth 8-6859] multi-driven net on pin data_out_OBUF[22] with 4th driver pin 'LDPC_encoder_1x16_inst3/tmp_32bits_reg[22]/Q' [/home/miglioranza/FEC/FEC.srcs/sources_1/new/LDPC_core.vhd:142]
CRITICAL WARNING: [Synth 8-6859] multi-driven net on pin data_out_OBUF[21] with 1st driver pin 'LDPC_encoder_1x16_inst2/tmp_32bits_reg[21]/Q' [/home/miglioranza/FEC/FEC.srcs/sources_1/new/LDPC_core.vhd:142]
CRITICAL WARNING: [Synth 8-6859] multi-driven net on pin data_out_OBUF[21] with 2nd driver pin 'LDPC_encoder_1x16_inst0/tmp_32bits_reg[21]/Q' [/home/miglioranza/FEC/FEC.srcs/sources_1/new/LDPC_core.vhd:142]
CRITICAL WARNING: [Synth 8-6859] multi-driven net on pin data_out_OBUF[21] with 3rd driver pin 'LDPC_encoder_1x16_inst1/tmp_32bits_reg[21]/Q' [/home/miglioranza/FEC/FEC.srcs/sources_1/new/LDPC_core.vhd:142]
CRITICAL WARNING: [Synth 8-6859] multi-driven net on pin data_out_OBUF[21] with 4th driver pin 'LDPC_encoder_1x16_inst3/tmp_32bits_reg[21]/Q' [/home/miglioranza/FEC/FEC.srcs/sources_1/new/LDPC_core.vhd:142]
CRITICAL WARNING: [Synth 8-6859] multi-driven net on pin data_out_OBUF[20] with 1st driver pin 'LDPC_encoder_1x16_inst2/tmp_32bits_reg[20]/Q' [/home/miglioranza/FEC/FEC.srcs/sources_1/new/LDPC_core.vhd:142]
CRITICAL WARNING: [Synth 8-6859] multi-driven net on pin data_out_OBUF[20] with 2nd driver pin 'LDPC_encoder_1x16_inst0/tmp_32bits_reg[20]/Q' [/home/miglioranza/FEC/FEC.srcs/sources_1/new/LDPC_core.vhd:142]
CRITICAL WARNING: [Synth 8-6859] multi-driven net on pin data_out_OBUF[20] with 3rd driver pin 'LDPC_encoder_1x16_inst1/tmp_32bits_reg[20]/Q' [/home/miglioranza/FEC/FEC.srcs/sources_1/new/LDPC_core.vhd:142]
CRITICAL WARNING: [Synth 8-6859] multi-driven net on pin data_out_OBUF[20] with 4th driver pin 'LDPC_encoder_1x16_inst3/tmp_32bits_reg[20]/Q' [/home/miglioranza/FEC/FEC.srcs/sources_1/new/LDPC_core.vhd:142]
CRITICAL WARNING: [Synth 8-6859] multi-driven net on pin data_out_OBUF[19] with 1st driver pin 'LDPC_encoder_1x16_inst2/tmp_32bits_reg[19]/Q' [/home/miglioranza/FEC/FEC.srcs/sources_1/new/LDPC_core.vhd:142]
CRITICAL WARNING: [Synth 8-6859] multi-driven net on pin data_out_OBUF[19] with 2nd driver pin 'LDPC_encoder_1x16_inst0/tmp_32bits_reg[19]/Q' [/home/miglioranza/FEC/FEC.srcs/sources_1/new/LDPC_core.vhd:142]
CRITICAL WARNING: [Synth 8-6859] multi-driven net on pin data_out_OBUF[19] with 3rd driver pin 'LDPC_encoder_1x16_inst1/tmp_32bits_reg[19]/Q' [/home/miglioranza/FEC/FEC.srcs/sources_1/new/LDPC_core.vhd:142]
CRITICAL WARNING: [Synth 8-6859] multi-driven net on pin data_out_OBUF[19] with 4th driver pin 'LDPC_encoder_1x16_inst3/tmp_32bits_reg[19]/Q' [/home/miglioranza/FEC/FEC.srcs/sources_1/new/LDPC_core.vhd:142]
CRITICAL WARNING: [Synth 8-6859] multi-driven net on pin data_out_OBUF[18] with 1st driver pin 'LDPC_encoder_1x16_inst2/tmp_32bits_reg[18]/Q' [/home/miglioranza/FEC/FEC.srcs/sources_1/new/LDPC_core.vhd:142]
CRITICAL WARNING: [Synth 8-6859] multi-driven net on pin data_out_OBUF[18] with 2nd driver pin 'LDPC_encoder_1x16_inst0/tmp_32bits_reg[18]/Q' [/home/miglioranza/FEC/FEC.srcs/sources_1/new/LDPC_core.vhd:142]
CRITICAL WARNING: [Synth 8-6859] multi-driven net on pin data_out_OBUF[18] with 3rd driver pin 'LDPC_encoder_1x16_inst1/tmp_32bits_reg[18]/Q' [/home/miglioranza/FEC/FEC.srcs/sources_1/new/LDPC_core.vhd:142]
CRITICAL WARNING: [Synth 8-6859] multi-driven net on pin data_out_OBUF[18] with 4th driver pin 'LDPC_encoder_1x16_inst3/tmp_32bits_reg[18]/Q' [/home/miglioranza/FEC/FEC.srcs/sources_1/new/LDPC_core.vhd:142]
CRITICAL WARNING: [Synth 8-6859] multi-driven net on pin data_out_OBUF[17] with 1st driver pin 'LDPC_encoder_1x16_inst2/tmp_32bits_reg[17]/Q' [/home/miglioranza/FEC/FEC.srcs/sources_1/new/LDPC_core.vhd:142]
CRITICAL WARNING: [Synth 8-6859] multi-driven net on pin data_out_OBUF[17] with 2nd driver pin 'LDPC_encoder_1x16_inst0/tmp_32bits_reg[17]/Q' [/home/miglioranza/FEC/FEC.srcs/sources_1/new/LDPC_core.vhd:142]
CRITICAL WARNING: [Synth 8-6859] multi-driven net on pin data_out_OBUF[17] with 3rd driver pin 'LDPC_encoder_1x16_inst1/tmp_32bits_reg[17]/Q' [/home/miglioranza/FEC/FEC.srcs/sources_1/new/LDPC_core.vhd:142]
CRITICAL WARNING: [Synth 8-6859] multi-driven net on pin data_out_OBUF[17] with 4th driver pin 'LDPC_encoder_1x16_inst3/tmp_32bits_reg[17]/Q' [/home/miglioranza/FEC/FEC.srcs/sources_1/new/LDPC_core.vhd:142]
CRITICAL WARNING: [Synth 8-6859] multi-driven net on pin data_out_OBUF[16] with 1st driver pin 'LDPC_encoder_1x16_inst2/tmp_32bits_reg[16]/Q' [/home/miglioranza/FEC/FEC.srcs/sources_1/new/LDPC_core.vhd:142]
CRITICAL WARNING: [Synth 8-6859] multi-driven net on pin data_out_OBUF[16] with 2nd driver pin 'LDPC_encoder_1x16_inst0/tmp_32bits_reg[16]/Q' [/home/miglioranza/FEC/FEC.srcs/sources_1/new/LDPC_core.vhd:142]
CRITICAL WARNING: [Synth 8-6859] multi-driven net on pin data_out_OBUF[16] with 3rd driver pin 'LDPC_encoder_1x16_inst1/tmp_32bits_reg[16]/Q' [/home/miglioranza/FEC/FEC.srcs/sources_1/new/LDPC_core.vhd:142]
CRITICAL WARNING: [Synth 8-6859] multi-driven net on pin data_out_OBUF[16] with 4th driver pin 'LDPC_encoder_1x16_inst3/tmp_32bits_reg[16]/Q' [/home/miglioranza/FEC/FEC.srcs/sources_1/new/LDPC_core.vhd:142]
CRITICAL WARNING: [Synth 8-6859] multi-driven net on pin data_out_OBUF[15] with 1st driver pin 'LDPC_encoder_1x16_inst2/tmp_32bits_reg[15]/Q' [/home/miglioranza/FEC/FEC.srcs/sources_1/new/LDPC_core.vhd:142]
CRITICAL WARNING: [Synth 8-6859] multi-driven net on pin data_out_OBUF[15] with 2nd driver pin 'LDPC_encoder_1x16_inst0/tmp_32bits_reg[15]/Q' [/home/miglioranza/FEC/FEC.srcs/sources_1/new/LDPC_core.vhd:142]
CRITICAL WARNING: [Synth 8-6859] multi-driven net on pin data_out_OBUF[15] with 3rd driver pin 'LDPC_encoder_1x16_inst1/tmp_32bits_reg[15]/Q' [/home/miglioranza/FEC/FEC.srcs/sources_1/new/LDPC_core.vhd:142]
CRITICAL WARNING: [Synth 8-6859] multi-driven net on pin data_out_OBUF[15] with 4th driver pin 'LDPC_encoder_1x16_inst3/tmp_32bits_reg[15]/Q' [/home/miglioranza/FEC/FEC.srcs/sources_1/new/LDPC_core.vhd:142]
CRITICAL WARNING: [Synth 8-6859] multi-driven net on pin data_out_OBUF[14] with 1st driver pin 'LDPC_encoder_1x16_inst2/tmp_32bits_reg[14]/Q' [/home/miglioranza/FEC/FEC.srcs/sources_1/new/LDPC_core.vhd:142]
CRITICAL WARNING: [Synth 8-6859] multi-driven net on pin data_out_OBUF[14] with 2nd driver pin 'LDPC_encoder_1x16_inst0/tmp_32bits_reg[14]/Q' [/home/miglioranza/FEC/FEC.srcs/sources_1/new/LDPC_core.vhd:142]
CRITICAL WARNING: [Synth 8-6859] multi-driven net on pin data_out_OBUF[14] with 3rd driver pin 'LDPC_encoder_1x16_inst1/tmp_32bits_reg[14]/Q' [/home/miglioranza/FEC/FEC.srcs/sources_1/new/LDPC_core.vhd:142]
CRITICAL WARNING: [Synth 8-6859] multi-driven net on pin data_out_OBUF[14] with 4th driver pin 'LDPC_encoder_1x16_inst3/tmp_32bits_reg[14]/Q' [/home/miglioranza/FEC/FEC.srcs/sources_1/new/LDPC_core.vhd:142]
CRITICAL WARNING: [Synth 8-6859] multi-driven net on pin data_out_OBUF[13] with 1st driver pin 'LDPC_encoder_1x16_inst2/tmp_32bits_reg[13]/Q' [/home/miglioranza/FEC/FEC.srcs/sources_1/new/LDPC_core.vhd:142]
CRITICAL WARNING: [Synth 8-6859] multi-driven net on pin data_out_OBUF[13] with 2nd driver pin 'LDPC_encoder_1x16_inst0/tmp_32bits_reg[13]/Q' [/home/miglioranza/FEC/FEC.srcs/sources_1/new/LDPC_core.vhd:142]
CRITICAL WARNING: [Synth 8-6859] multi-driven net on pin data_out_OBUF[13] with 3rd driver pin 'LDPC_encoder_1x16_inst1/tmp_32bits_reg[13]/Q' [/home/miglioranza/FEC/FEC.srcs/sources_1/new/LDPC_core.vhd:142]
CRITICAL WARNING: [Synth 8-6859] multi-driven net on pin data_out_OBUF[13] with 4th driver pin 'LDPC_encoder_1x16_inst3/tmp_32bits_reg[13]/Q' [/home/miglioranza/FEC/FEC.srcs/sources_1/new/LDPC_core.vhd:142]
CRITICAL WARNING: [Synth 8-6859] multi-driven net on pin data_out_OBUF[12] with 1st driver pin 'LDPC_encoder_1x16_inst2/tmp_32bits_reg[12]/Q' [/home/miglioranza/FEC/FEC.srcs/sources_1/new/LDPC_core.vhd:142]
CRITICAL WARNING: [Synth 8-6859] multi-driven net on pin data_out_OBUF[12] with 2nd driver pin 'LDPC_encoder_1x16_inst0/tmp_32bits_reg[12]/Q' [/home/miglioranza/FEC/FEC.srcs/sources_1/new/LDPC_core.vhd:142]
CRITICAL WARNING: [Synth 8-6859] multi-driven net on pin data_out_OBUF[12] with 3rd driver pin 'LDPC_encoder_1x16_inst1/tmp_32bits_reg[12]/Q' [/home/miglioranza/FEC/FEC.srcs/sources_1/new/LDPC_core.vhd:142]
CRITICAL WARNING: [Synth 8-6859] multi-driven net on pin data_out_OBUF[12] with 4th driver pin 'LDPC_encoder_1x16_inst3/tmp_32bits_reg[12]/Q' [/home/miglioranza/FEC/FEC.srcs/sources_1/new/LDPC_core.vhd:142]
CRITICAL WARNING: [Synth 8-6859] multi-driven net on pin data_out_OBUF[11] with 1st driver pin 'LDPC_encoder_1x16_inst2/tmp_32bits_reg[11]/Q' [/home/miglioranza/FEC/FEC.srcs/sources_1/new/LDPC_core.vhd:142]
CRITICAL WARNING: [Synth 8-6859] multi-driven net on pin data_out_OBUF[11] with 2nd driver pin 'LDPC_encoder_1x16_inst0/tmp_32bits_reg[11]/Q' [/home/miglioranza/FEC/FEC.srcs/sources_1/new/LDPC_core.vhd:142]
CRITICAL WARNING: [Synth 8-6859] multi-driven net on pin data_out_OBUF[11] with 3rd driver pin 'LDPC_encoder_1x16_inst1/tmp_32bits_reg[11]/Q' [/home/miglioranza/FEC/FEC.srcs/sources_1/new/LDPC_core.vhd:142]
CRITICAL WARNING: [Synth 8-6859] multi-driven net on pin data_out_OBUF[11] with 4th driver pin 'LDPC_encoder_1x16_inst3/tmp_32bits_reg[11]/Q' [/home/miglioranza/FEC/FEC.srcs/sources_1/new/LDPC_core.vhd:142]
CRITICAL WARNING: [Synth 8-6859] multi-driven net on pin data_out_OBUF[10] with 1st driver pin 'LDPC_encoder_1x16_inst2/tmp_32bits_reg[10]/Q' [/home/miglioranza/FEC/FEC.srcs/sources_1/new/LDPC_core.vhd:142]
CRITICAL WARNING: [Synth 8-6859] multi-driven net on pin data_out_OBUF[10] with 2nd driver pin 'LDPC_encoder_1x16_inst0/tmp_32bits_reg[10]/Q' [/home/miglioranza/FEC/FEC.srcs/sources_1/new/LDPC_core.vhd:142]
CRITICAL WARNING: [Synth 8-6859] multi-driven net on pin data_out_OBUF[10] with 3rd driver pin 'LDPC_encoder_1x16_inst1/tmp_32bits_reg[10]/Q' [/home/miglioranza/FEC/FEC.srcs/sources_1/new/LDPC_core.vhd:142]
CRITICAL WARNING: [Synth 8-6859] multi-driven net on pin data_out_OBUF[10] with 4th driver pin 'LDPC_encoder_1x16_inst3/tmp_32bits_reg[10]/Q' [/home/miglioranza/FEC/FEC.srcs/sources_1/new/LDPC_core.vhd:142]
CRITICAL WARNING: [Synth 8-6859] multi-driven net on pin data_out_OBUF[9] with 1st driver pin 'LDPC_encoder_1x16_inst2/tmp_32bits_reg[9]/Q' [/home/miglioranza/FEC/FEC.srcs/sources_1/new/LDPC_core.vhd:142]
CRITICAL WARNING: [Synth 8-6859] multi-driven net on pin data_out_OBUF[9] with 2nd driver pin 'LDPC_encoder_1x16_inst0/tmp_32bits_reg[9]/Q' [/home/miglioranza/FEC/FEC.srcs/sources_1/new/LDPC_core.vhd:142]
CRITICAL WARNING: [Synth 8-6859] multi-driven net on pin data_out_OBUF[9] with 3rd driver pin 'LDPC_encoder_1x16_inst1/tmp_32bits_reg[9]/Q' [/home/miglioranza/FEC/FEC.srcs/sources_1/new/LDPC_core.vhd:142]
CRITICAL WARNING: [Synth 8-6859] multi-driven net on pin data_out_OBUF[9] with 4th driver pin 'LDPC_encoder_1x16_inst3/tmp_32bits_reg[9]/Q' [/home/miglioranza/FEC/FEC.srcs/sources_1/new/LDPC_core.vhd:142]
CRITICAL WARNING: [Synth 8-6859] multi-driven net on pin data_out_OBUF[8] with 1st driver pin 'LDPC_encoder_1x16_inst2/tmp_32bits_reg[8]/Q' [/home/miglioranza/FEC/FEC.srcs/sources_1/new/LDPC_core.vhd:142]
CRITICAL WARNING: [Synth 8-6859] multi-driven net on pin data_out_OBUF[8] with 2nd driver pin 'LDPC_encoder_1x16_inst0/tmp_32bits_reg[8]/Q' [/home/miglioranza/FEC/FEC.srcs/sources_1/new/LDPC_core.vhd:142]
CRITICAL WARNING: [Synth 8-6859] multi-driven net on pin data_out_OBUF[8] with 3rd driver pin 'LDPC_encoder_1x16_inst1/tmp_32bits_reg[8]/Q' [/home/miglioranza/FEC/FEC.srcs/sources_1/new/LDPC_core.vhd:142]
CRITICAL WARNING: [Synth 8-6859] multi-driven net on pin data_out_OBUF[8] with 4th driver pin 'LDPC_encoder_1x16_inst3/tmp_32bits_reg[8]/Q' [/home/miglioranza/FEC/FEC.srcs/sources_1/new/LDPC_core.vhd:142]
CRITICAL WARNING: [Synth 8-6859] multi-driven net on pin data_out_OBUF[7] with 1st driver pin 'LDPC_encoder_1x16_inst2/tmp_32bits_reg[7]/Q' [/home/miglioranza/FEC/FEC.srcs/sources_1/new/LDPC_core.vhd:142]
CRITICAL WARNING: [Synth 8-6859] multi-driven net on pin data_out_OBUF[7] with 2nd driver pin 'LDPC_encoder_1x16_inst0/tmp_32bits_reg[7]/Q' [/home/miglioranza/FEC/FEC.srcs/sources_1/new/LDPC_core.vhd:142]
CRITICAL WARNING: [Synth 8-6859] multi-driven net on pin data_out_OBUF[7] with 3rd driver pin 'LDPC_encoder_1x16_inst1/tmp_32bits_reg[7]/Q' [/home/miglioranza/FEC/FEC.srcs/sources_1/new/LDPC_core.vhd:142]
CRITICAL WARNING: [Synth 8-6859] multi-driven net on pin data_out_OBUF[7] with 4th driver pin 'LDPC_encoder_1x16_inst3/tmp_32bits_reg[7]/Q' [/home/miglioranza/FEC/FEC.srcs/sources_1/new/LDPC_core.vhd:142]
INFO: [Common 17-14] Message 'Synth 8-6859' appears 100 times and further instances of the messages will be disabled. Use the Tcl command set_msg_config to change the current settings.

Report Check Netlist: 
+------+------------------+-------+---------+-------+------------------+
|      |Item              |Errors |Warnings |Status |Description       |
+------+------------------+-------+---------+-------+------------------+
|1     |multi_driven_nets |      0|       32|Failed |Multi driven nets |
+------+------------------+-------+---------+-------+------------------+
---------------------------------------------------------------------------------
Start Rebuilding User Hierarchy
---------------------------------------------------------------------------------
---------------------------------------------------------------------------------
Finished Rebuilding User Hierarchy : Time (s): cpu = 00:00:23 ; elapsed = 00:00:28 . Memory (MB): peak = 3978.863 ; gain = 746.035 ; free physical = 3138 ; free virtual = 104267
---------------------------------------------------------------------------------
---------------------------------------------------------------------------------
Start Renaming Generated Ports
---------------------------------------------------------------------------------
---------------------------------------------------------------------------------
Finished Renaming Generated Ports : Time (s): cpu = 00:00:23 ; elapsed = 00:00:28 . Memory (MB): peak = 3978.863 ; gain = 746.035 ; free physical = 3138 ; free virtual = 104266
---------------------------------------------------------------------------------
---------------------------------------------------------------------------------
Start Handling Custom Attributes
---------------------------------------------------------------------------------
---------------------------------------------------------------------------------
Finished Handling Custom Attributes : Time (s): cpu = 00:00:23 ; elapsed = 00:00:28 . Memory (MB): peak = 3978.863 ; gain = 746.035 ; free physical = 3138 ; free virtual = 104267
---------------------------------------------------------------------------------
---------------------------------------------------------------------------------
Start Renaming Generated Nets
---------------------------------------------------------------------------------
---------------------------------------------------------------------------------
Finished Renaming Generated Nets : Time (s): cpu = 00:00:23 ; elapsed = 00:00:28 . Memory (MB): peak = 3978.863 ; gain = 746.035 ; free physical = 3138 ; free virtual = 104267
---------------------------------------------------------------------------------
---------------------------------------------------------------------------------
Start Writing Synthesis Report
---------------------------------------------------------------------------------

Report BlackBoxes: 
+------+--------------+----------+
|      |BlackBox name |Instances |
+------+--------------+----------+
|1     |sd_fec_0      |         4|
+------+--------------+----------+

Report Cell Usage: 
+------+---------+------+
|      |Cell     |Count |
+------+---------+------+
|1     |sd_fec   |     1|
|2     |sd_fec_0 |     3|
|5     |BUFG     |     1|
|6     |LUT2     |     4|
|7     |LUT3     |     8|
|8     |LUT4     |     9|
|9     |LUT5     |    15|
|10    |LUT6     |    14|
|11    |FDCE     |    20|
|12    |FDRE     |   159|
|13    |FDSE     |    16|
|14    |IBUF     |    43|
|15    |OBUF     |    34|
|16    |OBUFT    |     1|
+------+---------+------+
---------------------------------------------------------------------------------
Finished Writing Synthesis Report : Time (s): cpu = 00:00:23 ; elapsed = 00:00:28 . Memory (MB): peak = 3978.863 ; gain = 746.035 ; free physical = 3138 ; free virtual = 104266
---------------------------------------------------------------------------------
Synthesis finished with 0 errors, 420 critical warnings and 4 warnings.
Synthesis Optimization Runtime : Time (s): cpu = 00:00:21 ; elapsed = 00:00:26 . Memory (MB): peak = 3978.863 ; gain = 576.191 ; free physical = 3176 ; free virtual = 104305
Synthesis Optimization Complete : Time (s): cpu = 00:00:23 ; elapsed = 00:00:28 . Memory (MB): peak = 3978.871 ; gain = 746.035 ; free physical = 3178 ; free virtual = 104307
INFO: [Project 1-571] Translating synthesized netlist
Netlist sorting complete. Time (s): cpu = 00:00:00.01 ; elapsed = 00:00:00.01 . Memory (MB): peak = 3989.832 ; gain = 0.000 ; free physical = 3270 ; free virtual = 104399
INFO: [Netlist 29-17] Analyzing 44 Unisim elements for replacement
INFO: [Netlist 29-28] Unisim Transformation completed in 0 CPU seconds
INFO: [Project 1-570] Preparing netlist for logic optimization
INFO: [Opt 31-138] Pushed 0 inverter(s) to 0 load pin(s).
Netlist sorting complete. Time (s): cpu = 00:00:00 ; elapsed = 00:00:00 . Memory (MB): peak = 4072.570 ; gain = 0.000 ; free physical = 3186 ; free virtual = 104315
INFO: [Project 1-111] Unisim Transformation Summary:
  A total of 44 instances were transformed.
  BUFG => BUFGCE: 1 instance 
  IBUF => IBUF (IBUFCTRL, INBUF): 43 instances

Synth Design complete, checksum: 9eff81c5
INFO: [Common 17-83] Releasing license: Synthesis
35 Infos, 22 Warnings, 200 Critical Warnings and 0 Errors encountered.
synth_design completed successfully
synth_design: Time (s): cpu = 00:00:36 ; elapsed = 00:00:44 . Memory (MB): peak = 4072.570 ; gain = 997.477 ; free physical = 3328 ; free virtual = 104457
INFO: [runtcl-6] Synthesis results are not added to the cache due to CRITICAL_WARNING
INFO: [Common 17-1381] The checkpoint '/home/miglioranza/FEC/FEC.runs/synth_1/Encoder.dcp' has been generated.
INFO: [runtcl-4] Executing : report_utilization -file Encoder_utilization_synth.rpt -pb Encoder_utilization_synth.pb
INFO: [Common 17-206] Exiting Vivado at Tue Sep 10 11:35:32 2024...
